<?xml version="1.0" encoding="UTF-8"?>
<testsuite name="testcases.ApiTests" tests="14" skipped="2" failures="1" errors="0" timestamp="2024-06-02T13:47:44" hostname="admins-Air" time="40.859">
  <properties/>
  <testcase name="compareRecentlyPlayedSongTitles" classname="testcases.ApiTests" time="2.715"/>
  <testcase name="createPlaylist" classname="testcases.ApiTests" time="2.351"/>
  <testcase name="getApplicationData" classname="testcases.ApiTests" time="1.437"/>
  <testcase name="getRecentlyPlayedSongIds" classname="testcases.ApiTests" time="1.377"/>
  <testcase name="getRecentlyPlayedSongTitles" classname="testcases.ApiTests" time="1.799"/>
  <testcase name="increasePlayCount[0](06cd19b77127f1e7f889ecad54376b30)" classname="testcases.ApiTests" time="0.825"/>
  <testcase name="increasePlayCount[1](08116cdc269c9f19964369e4bb1ab343)" classname="testcases.ApiTests" time="0.818"/>
  <testcase name="increasePlayCount[2](0aedf0c1c02188e8b73483d1bf2eacab)" classname="testcases.ApiTests" time="1.108"/>
  <testcase name="increasePlayCount[3](0b794968a26cd03bb533762affc8c0ca)" classname="testcases.ApiTests" time="0.827"/>
  <testcase name="increasePlayCount[4](0c3d784a530e74f9e5dbcad9c2711cd2)" classname="testcases.ApiTests" time="0.758"/>
  <testcase name="verifyPlaylistNames" classname="testcases.ApiTests" time="2.206"/>
  <testcase name="deletePlaylist" classname="testcases.ApiTests" time="2.212">
    <skipped/>
  </testcase>
  <testcase name="deletePlaylist" classname="testcases.ApiTests" time="0.786">
    <failure message="java.lang.AssertionError: 1 expectation failed.&#10;Expected status code &lt;200&gt; but was &lt;404&gt;.&#10;" type="java.lang.AssertionError">java.lang.AssertionError: 1 expectation failed.
Expected status code &lt;200&gt; but was &lt;404&gt;.

	at java.base/jdk.internal.reflect.NativeConstructorAccessorImpl.newInstance0(Native Method)
	at java.base/jdk.internal.reflect.NativeConstructorAccessorImpl.newInstance(NativeConstructorAccessorImpl.java:77)
	at java.base/jdk.internal.reflect.DelegatingConstructorAccessorImpl.newInstance(DelegatingConstructorAccessorImpl.java:45)
	at java.base/java.lang.reflect.Constructor.newInstanceWithCaller(Constructor.java:499)
	at java.base/java.lang.reflect.Constructor.newInstance(Constructor.java:480)
	at org.codehaus.groovy.reflection.CachedConstructor.invoke(CachedConstructor.java:73)
	at org.codehaus.groovy.runtime.callsite.ConstructorSite$ConstructorSiteNoUnwrapNoCoerce.callConstructor(ConstructorSite.java:108)
	at org.codehaus.groovy.runtime.callsite.CallSiteArray.defaultCallConstructor(CallSiteArray.java:57)
	at org.codehaus.groovy.runtime.callsite.AbstractCallSite.callConstructor(AbstractCallSite.java:263)
	at org.codehaus.groovy.runtime.callsite.AbstractCallSite.callConstructor(AbstractCallSite.java:277)
	at io.restassured.internal.ResponseSpecificationImpl$HamcrestAssertionClosure.validate(ResponseSpecificationImpl.groovy:512)
	at io.restassured.internal.ResponseSpecificationImpl$HamcrestAssertionClosure$validate$1.call(Unknown Source)
	at io.restassured.internal.ResponseSpecificationImpl.validateResponseIfRequired(ResponseSpecificationImpl.groovy:696)
	at io.restassured.internal.ResponseSpecificationImpl.this$2$validateResponseIfRequired(ResponseSpecificationImpl.groovy)
	at jdk.internal.reflect.GeneratedMethodAccessor204.invoke(Unknown Source)
	at java.base/jdk.internal.reflect.DelegatingMethodAccessorImpl.invoke(DelegatingMethodAccessorImpl.java:43)
	at java.base/java.lang.reflect.Method.invoke(Method.java:568)
	at org.codehaus.groovy.runtime.callsite.PlainObjectMetaMethodSite.doInvoke(PlainObjectMetaMethodSite.java:43)
	at org.codehaus.groovy.runtime.callsite.PogoMetaMethodSite$PogoCachedMethodSiteNoUnwrapNoCoerce.invoke(PogoMetaMethodSite.java:198)
	at org.codehaus.groovy.runtime.callsite.PogoMetaMethodSite.callCurrent(PogoMetaMethodSite.java:62)
	at org.codehaus.groovy.runtime.callsite.AbstractCallSite.callCurrent(AbstractCallSite.java:185)
	at io.restassured.internal.ResponseSpecificationImpl.statusCode(ResponseSpecificationImpl.groovy:135)
	at io.restassured.specification.ResponseSpecification$statusCode$0.callCurrent(Unknown Source)
	at io.restassured.internal.ResponseSpecificationImpl.statusCode(ResponseSpecificationImpl.groovy:143)
	at io.restassured.internal.ValidatableResponseOptionsImpl.statusCode(ValidatableResponseOptionsImpl.java:89)
	at testcases.ApiTests.deletePlaylist(ApiTests.java:109)
	at java.base/jdk.internal.reflect.NativeMethodAccessorImpl.invoke0(Native Method)
	at java.base/jdk.internal.reflect.NativeMethodAccessorImpl.invoke(NativeMethodAccessorImpl.java:77)
	at java.base/jdk.internal.reflect.DelegatingMethodAccessorImpl.invoke(DelegatingMethodAccessorImpl.java:43)
	at java.base/java.lang.reflect.Method.invoke(Method.java:568)
	at org.testng.internal.invokers.MethodInvocationHelper.invokeMethod(MethodInvocationHelper.java:139)
	at org.testng.internal.invokers.TestInvoker.invokeMethod(TestInvoker.java:677)
	at org.testng.internal.invokers.TestInvoker.retryFailed(TestInvoker.java:263)
	at org.testng.internal.invokers.MethodRunner.runInSequence(MethodRunner.java:62)
	at org.testng.internal.invokers.TestInvoker$MethodInvocationAgent.invoke(TestInvoker.java:969)
	at org.testng.internal.invokers.TestInvoker.invokeTestMethods(TestInvoker.java:194)
	at org.testng.internal.invokers.TestMethodWorker.invokeTestMethods(TestMethodWorker.java:148)
	at org.testng.internal.invokers.TestMethodWorker.run(TestMethodWorker.java:128)
	at java.base/java.util.ArrayList.forEach(ArrayList.java:1511)
	at org.testng.TestRunner.privateRun(TestRunner.java:829)
	at org.testng.TestRunner.run(TestRunner.java:602)
	at org.testng.SuiteRunner.runTest(SuiteRunner.java:437)
	at org.testng.SuiteRunner.runSequentially(SuiteRunner.java:431)
	at org.testng.SuiteRunner.privateRun(SuiteRunner.java:391)
	at org.testng.SuiteRunner.run(SuiteRunner.java:330)
	at org.testng.SuiteRunnerWorker.runSuite(SuiteRunnerWorker.java:52)
	at org.testng.SuiteRunnerWorker.run(SuiteRunnerWorker.java:95)
	at org.testng.TestNG.runSuitesSequentially(TestNG.java:1256)
	at org.testng.TestNG.runSuitesLocally(TestNG.java:1176)
	at org.testng.TestNG.runSuites(TestNG.java:1099)
	at org.testng.TestNG.run(TestNG.java:1067)
	at org.gradle.api.internal.tasks.testing.testng.TestNGTestClassProcessor.runTests(TestNGTestClassProcessor.java:148)
	at org.gradle.api.internal.tasks.testing.testng.TestNGTestClassProcessor.stop(TestNGTestClassProcessor.java:95)
	at org.gradle.api.internal.tasks.testing.SuiteTestClassProcessor.stop(SuiteTestClassProcessor.java:62)
	at java.base/jdk.internal.reflect.NativeMethodAccessorImpl.invoke0(Native Method)
	at java.base/jdk.internal.reflect.NativeMethodAccessorImpl.invoke(NativeMethodAccessorImpl.java:77)
	at java.base/jdk.internal.reflect.DelegatingMethodAccessorImpl.invoke(DelegatingMethodAccessorImpl.java:43)
	at java.base/java.lang.reflect.Method.invoke(Method.java:568)
	at org.gradle.internal.dispatch.ReflectionDispatch.dispatch(ReflectionDispatch.java:36)
	at org.gradle.internal.dispatch.ReflectionDispatch.dispatch(ReflectionDispatch.java:24)
	at org.gradle.internal.dispatch.ContextClassLoaderDispatch.dispatch(ContextClassLoaderDispatch.java:33)
	at org.gradle.internal.dispatch.ProxyDispatchAdapter$DispatchingInvocationHandler.invoke(ProxyDispatchAdapter.java:94)
	at jdk.proxy1/jdk.proxy1.$Proxy2.stop(Unknown Source)
	at org.gradle.api.internal.tasks.testing.worker.TestWorker$3.run(TestWorker.java:193)
	at org.gradle.api.internal.tasks.testing.worker.TestWorker.executeAndMaintainThreadName(TestWorker.java:129)
	at org.gradle.api.internal.tasks.testing.worker.TestWorker.execute(TestWorker.java:100)
	at org.gradle.api.internal.tasks.testing.worker.TestWorker.execute(TestWorker.java:60)
	at org.gradle.process.internal.worker.child.ActionExecutionWorker.execute(ActionExecutionWorker.java:56)
	at org.gradle.process.internal.worker.child.SystemApplicationClassLoaderWorker.call(SystemApplicationClassLoaderWorker.java:113)
	at org.gradle.process.internal.worker.child.SystemApplicationClassLoaderWorker.call(SystemApplicationClassLoaderWorker.java:65)
	at worker.org.gradle.process.internal.worker.GradleWorkerMain.run(GradleWorkerMain.java:69)
	at worker.org.gradle.process.internal.worker.GradleWorkerMain.main(GradleWorkerMain.java:74)
</failure>
  </testcase>
  <testcase name="getUserPlaylistNames" classname="testcases.ApiTests" time="0.0">
    <skipped/>
  </testcase>
  <system-out><![CDATA[[INFO ] 2024-06-02 06:47:44.362 [Test worker] Log - compareRecentlyPlayedSongTitles started!
Connected to Koel database: true
Dee Yan-Key - rainday
Unknown Artist - 17 plays
Episode 2
Music Insiders By Fma - 17 plays
Riqui-Riqui
REW<< - 17 plays
HoliznaCC0 - Way Of The Samurai
Unknown Artist - 17 plays
M33 Project - Emotional Soundtrack
Unknown Artist - 26 plays
Dark Days
Grav - 12 plays
HoliznaCC0 - SomeWhere In The Dark
Unknown Artist - 1 play
M33 Project - Emotional Soundtrack
HoliznaCC0 - Way Of The Samurai
Riqui-Riqui
Episode 2
Dee Yan-Key - rainday
HoliznaCC0 - SomeWhere In The Dark
Dark Days
[
    "0c3d784a530e74f9e5dbcad9c2711cd2",
    "0b794968a26cd03bb533762affc8c0ca",
    "0aedf0c1c02188e8b73483d1bf2eacab",
    "08116cdc269c9f19964369e4bb1ab343",
    "06cd19b77127f1e7f889ecad54376b30",
    "da98f9eb65971e2d76d9ec3640bab317",
    "6165ffd4d6824eb9a4cdbc011dc35744"
]
Connection to Koel database closed: true
[INFO ] 2024-06-02 06:47:47.077 [Test worker] Log - compareRecentlyPlayedSongTitles passed!
[INFO ] 2024-06-02 06:47:48.863 [Test worker] Log - createPlaylist started!
{
    "name": "newPlaylist",
    "rules": [
        
    ],
    "id": 95375,
    "songs": [
        
    ],
    "is_smart": false
}
[INFO ] 2024-06-02 06:47:51.214 [Test worker] Log - createPlaylist passed!
[INFO ] 2024-06-02 06:47:53.115 [Test worker] Log - getApplicationData started!
{
    "albums": [
        {
            "id": 2,
            "artist_id": 3,
            "name": "Airbit",
            "cover": "https://qa.koel.app/img/covers/unknown-album.png",
            "created_at": "2022-04-24T07:19:34.000000Z",
            "is_compilation": false
        },
        {
            "id": 18,
            "artist_id": 18,
            "name": "Arps",
            "cover": "https://qa.koel.app/img/covers/06eadfbd89c2f4c356a34c5d8b533063a193de09.jpeg",
            "created_at": "2022-04-24T07:19:34.000000Z",
            "is_compilation": false
        },
        {
            "id": 12,
            "artist_id": 6,
            "name": "Chevalerie EP",
            "cover": "https://qa.koel.app/img/covers/unknown-album.png",
            "created_at": "2022-04-24T07:19:34.000000Z",
            "is_compilation": false
        },
        {
            "id": 5,
            "artist_id": 6,
            "name": "Damnatio Memoriae EP",
            "cover": "https://qa.koel.app/img/covers/unknown-album.png",
            "created_at": "2022-04-24T07:19:34.000000Z",
            "is_compilation": false
        },
        {
            "id": 20,
            "artist_id": 20,
            "name": "Dark Days EP",
            "cover": "https://qa.koel.app/img/covers/a4ad0a07a41b5ffd5218393592bf34826da663f2.jpeg",
            "created_at": "2022-04-24T07:19:35.000000Z",
            "is_compilation": false
        },
        {
            "id": 10,
            "artist_id": 11,
            "name": "Defunct",
            "cover": "https://qa.koel.app/img/covers/unknown-album.png",
            "created_at": "2022-04-24T07:19:34.000000Z",
            "is_compilation": false
        },
        {
            "id": 6,
            "artist_id": 7,
            "name": "Disorganized Complexity EP",
            "cover": "https://qa.koel.app/img/covers/1710b580bf288a3ec2bfe6586670e65308b52226.png",
            "created_at": "2022-04-24T07:19:34.000000Z",
            "is_compilation": false
        },
        {
            "id": 8,
            "artist_id": 2,
            "name": "Entries",
            "cover": "https://qa.koel.app/img/covers/unknown-album.png",
            "created_at": "2022-04-24T07:19:34.000000Z",
            "is_compilation": true
        },
        {
            "id": 21,
            "artist_id": 2,
            "name": "Hogan Grip - Stance Gives You Balance",
            "cover": "https://qa.koel.app/img/covers/unknown-album.png",
            "created_at": "2022-04-24T07:19:35.000000Z",
            "is_compilation": true
        },
        {
            "id": 22,
            "artist_id": 17,
            "name": "I'm Saying It Anyway",
            "cover": "https://qa.koel.app/img/covers/unknown-album.png",
            "created_at": "2022-04-24T07:19:35.000000Z",
            "is_compilation": false
        },
        {
            "id": 3,
            "artist_id": 4,
            "name": "Marginal",
            "cover": "https://qa.koel.app/img/covers/unknown-album.png",
            "created_at": "2022-04-24T07:19:34.000000Z",
            "is_compilation": false
        },
        {
            "id": 17,
            "artist_id": 17,
            "name": "Midnight in Mississippi",
            "cover": "https://qa.koel.app/img/covers/unknown-album.png",
            "created_at": "2022-04-24T07:19:34.000000Z",
            "is_compilation": false
        },
        {
            "id": 13,
            "artist_id": 13,
            "name": "Nameless: The Hackers RPG Soundtrack",
            "cover": "https://qa.koel.app/img/covers/094a9be968ef4e8e6dba13a4c14be0575da27937.jpeg",
            "created_at": "2022-04-24T07:19:34.000000Z",
            "is_compilation": false
        },
        {
            "id": 7,
            "artist_id": 8,
            "name": "Onomatopoeia",
            "cover": "https://qa.koel.app/img/covers/4c0511d8d89ec5f35364ef80b19b5e56051b1e4b.jpeg",
            "created_at": "2022-04-24T07:19:34.000000Z",
            "is_compilation": false
        },
        {
            "id": 19,
            "artist_id": 19,
            "name": "Prism",
            "cover": "https://qa.koel.app/img/covers/unknown-album.png",
            "created_at": "2022-04-24T07:19:34.000000Z",
            "is_compilation": false
        },
        {
            "id": 9,
            "artist_id": 10,
            "name": "Simon Mathewson",
            "cover": "https://qa.koel.app/img/covers/unknown-album.png",
            "created_at": "2022-04-24T07:19:34.000000Z",
            "is_compilation": false
        },
        {
            "id": 16,
            "artist_id": 16,
            "name": "Two-Tier Society",
            "cover": "https://qa.koel.app/img/covers/a23ec7a37cbdf599dde0f66698a4a6a1fea60535.jpeg",
            "created_at": "2022-04-24T07:19:34.000000Z",
            "is_compilation": false
        },
        {
            "id": 1,
            "artist_id": 1,
            "name": "Unknown Album",
            "cover": "https://qa.koel.app/img/covers/f6a09e8ed1290c11b6eb956cd64b0fa8ed1cda38.png",
            "created_at": "2022-04-23T20:20:42.000000Z",
            "is_compilation": false
        },
        {
            "id": 4,
            "artist_id": 5,
            "name": "Unknown Album",
            "cover": "https://qa.koel.app/img/covers/unknown-album.png",
            "created_at": "2022-04-24T07:19:34.000000Z",
            "is_compilation": false
        },
        {
            "id": 11,
            "artist_id": 12,
            "name": "Unknown Album",
            "cover": "https://qa.koel.app/img/covers/unknown-album.png",
            "created_at": "2022-04-24T07:19:34.000000Z",
            "is_compilation": false
        },
        {
            "id": 14,
            "artist_id": 14,
            "name": "Unknown Album",
            "cover": "https://qa.koel.app/img/covers/unknown-album.png",
            "created_at": "2022-04-24T07:19:34.000000Z",
            "is_compilation": false
        },
        {
            "id": 15,
            "artist_id": 15,
            "name": "Unknown Album",
            "cover": "https://qa.koel.app/img/covers/unknown-album.png",
            "created_at": "2022-04-24T07:19:34.000000Z",
            "is_compilation": false
        }
    ],
    "artists": [
        {
            "id": 6,
            "name": "AKMV-18",
            "image": null
        },
        {
            "id": 13,
            "name": "BoxCat Games",
            "image": null
        },
        {
            "id": 18,
            "name": "Chad Crouch",
            "image": null
        },
        {
            "id": 16,
            "name": "Dan Brasco",
            "image": null
        },
        {
            "id": 14,
            "name": "Dee Yan-Key",
            "image": null
        },
        {
            "id": 20,
            "name": "Grav",
            "image": null
        },
        {
            "id": 7,
            "name": "Herre Jorna",
            "image": null
        },
        {
            "id": 21,
            "name": "Hogan Grip",
            "image": null
        },
        {
            "id": 12,
            "name": "Lobo Loco",
            "image": null
        },
        {
            "id": 3,
            "name": "Makaih Beats",
            "image": null
        },
        {
            "id": 11,
            "name": "Metre",
            "image": null
        },
        {
            "id": 10,
            "name": "Music Insiders By Fma",
            "image": null
        },
        {
            "id": 5,
            "name": "Origami Repetika",
            "image": null
        },
        {
            "id": 8,
            "name": "REW<<",
            "image": null
        },
        {
            "id": 15,
            "name": "Robert John",
            "image": null
        },
        {
            "id": 17,
            "name": "Ron Milazzo",
            "image": null
        },
        {
            "id": 9,
            "name": "The Blank Tapes",
            "image": null
        },
        {
            "id": 4,
            "name": "Till Paradiso",
            "image": null
        },
        {
            "id": 1,
            "name": "Unknown Artist",
            "image": null
        },
        {
            "id": 2,
            "name": "Various Artists",
            "image": null
        },
        {
            "id": 19,
            "name": "Xylo-Ziko",
            "image": null
        }
    ],
    "songs": [
        {
            "id": "06cd19b77127f1e7f889ecad54376b30",
            "album_id": 1,
            "artist_id": 1,
            "title": "M33 Project - Emotional Soundtrack",
            "length": 167.99,
            "track": 0,
            "disc": 1,
            "created_at": "2023-08-23T12:17:54.000000Z"
        },
        {
            "id": "08116cdc269c9f19964369e4bb1ab343",
            "album_id": 1,
            "artist_id": 1,
            "title": "HoliznaCC0 - Way Of The Samurai",
            "length": 155.11,
            "track": 0,
            "disc": 1,
            "created_at": "2023-08-23T12:17:55.000000Z"
        },
        {
            "id": "0aedf0c1c02188e8b73483d1bf2eacab",
            "album_id": 7,
            "artist_id": 8,
            "title": "Riqui-Riqui",
            "length": 102.74,
            "track": 11,
            "disc": 1,
            "created_at": "2023-08-23T12:17:54.000000Z"
        },
        {
            "id": "0b794968a26cd03bb533762affc8c0ca",
            "album_id": 9,
            "artist_id": 10,
            "title": "Episode 2",
            "length": 1346.82,
            "track": 2,
            "disc": 1,
            "created_at": "2023-08-23T12:17:54.000000Z"
        },
        {
            "id": "0c3d784a530e74f9e5dbcad9c2711cd2",
            "album_id": 1,
            "artist_id": 1,
            "title": "Dee Yan-Key - rainday",
            "length": 545.69,
            "track": 0,
            "disc": 1,
            "created_at": "2023-08-23T12:17:54.000000Z"
        },
        {
            "id": "0e594a078311010296f0738c0f9cb9f3",
            "album_id": 1,
            "artist_id": 1,
            "title": "Scott Holmes Music - Epic Cinematic",
            "length": 193.38,
            "track": 0,
            "disc": 1,
            "created_at": "2023-08-23T12:17:54.000000Z"
        },
        {
            "id": "0eaf41d7ff0eeb6dc0e430d392a4fa5f",
            "album_id": 1,
            "artist_id": 1,
            "title": "Maarten Schellekens - The Little Match Girl (ft. Enlia)",
            "length": 275.07,
            "track": 0,
            "disc": 1,
            "created_at": "2023-08-23T12:17:54.000000Z"
        },
        {
            "id": "13eb7d65067cfc8dc4d3f513ce84ead9",
            "album_id": 1,
            "artist_id": 1,
            "title": "HoliznaCC0 - There Will Come A Time",
            "length": 214.82,
            "track": 0,
            "disc": 1,
            "created_at": "2023-08-23T12:17:54.000000Z"
        },
        {
            "id": "140c5de29c0405d27462cf195ec080f5",
            "album_id": 11,
            "artist_id": 12,
            "title": "Tunnel of Lights (ID 1689)",
            "length": 167.5,
            "track": 0,
            "disc": 1,
            "created_at": "2023-08-23T12:17:55.000000Z"
        },
        {
            "id": "17023d58685b790b95792ee619ddb457",
            "album_id": 17,
            "artist_id": 17,
            "title": "Midnight in Mississippi",
            "length": 374.96,
            "track": 4,
            "disc": 1,
            "created_at": "2023-08-23T12:17:55.000000Z"
        },
        {
            "id": "1bfa5b75745ebb5285b822f4b16899fd",
            "album_id": 11,
            "artist_id": 12,
            "title": "Take my Hand (ID 1696)",
            "length": 283.69,
            "track": 0,
            "disc": 1,
            "created_at": "2023-08-23T12:17:54.000000Z"
        },
        {
            "id": "1d16ddaaf40c71b0ec115ce1c56ca8cb",
            "album_id": 5,
            "artist_id": 6,
            "title": "Memoria (Mythic Mix)",
            "length": 704.1,
            "track": 3,
            "disc": 1,
            "created_at": "2023-08-23T12:17:54.000000Z"
        },
        {
            "id": "2c51d96b101db143f4d55151101f5b3c",
            "album_id": 22,
            "artist_id": 17,
            "title": "If I Find A Way (explicit)",
            "length": 399.88,
            "track": 10,
            "disc": 1,
            "created_at": "2023-08-23T12:17:55.000000Z"
        },
        {
            "id": "2e2c1e3c7eab8a3e751a2086f898e5a3",
            "album_id": 1,
            "artist_id": 1,
            "title": "HoliznaCC0 - Lost In Space",
            "length": 191.95,
            "track": 0,
            "disc": 1,
            "created_at": "2023-08-23T12:17:55.000000Z"
        },
        {
            "id": "30c13696a68d7794b5468ee3bc9a3fa6",
            "album_id": 2,
            "artist_id": 3,
            "title": "Pluto",
            "length": 212.11,
            "track": 0,
            "disc": 1,
            "created_at": "2023-08-23T12:17:54.000000Z"
        },
        {
            "id": "356765bb88eb6bbe26cd56c86b1780d7",
            "album_id": 15,
            "artist_id": 15,
            "title": "Lament",
            "length": 115.38,
            "track": 4,
            "disc": 1,
            "created_at": "2023-08-23T12:17:54.000000Z"
        },
        {
            "id": "35d81310aa3965b7c1b8a201aea94736",
            "album_id": 1,
            "artist_id": 1,
            "title": "M33 Project - The Orchestra Improvisation",
            "length": 254.07,
            "track": 0,
            "disc": 1,
            "created_at": "2023-08-23T12:17:54.000000Z"
        },
        {
            "id": "3d98035ebc9b79381d0a0bec8be9b1c9",
            "album_id": 8,
            "artist_id": 9,
            "title": "It's Your Birthday!",
            "length": 52.32,
            "track": 3,
            "disc": 1,
            "created_at": "2023-08-23T12:17:54.000000Z"
        },
        {
            "id": "3dfc5899aed1fb7edba2ce89d8d8ec45",
            "album_id": 13,
            "artist_id": 13,
            "title": "Epic Song",
            "length": 54.91,
            "track": 10,
            "disc": 1,
            "created_at": "2023-08-23T12:17:54.000000Z"
        },
        {
            "id": "44cc073be3de67008e756d271b1c16fe",
            "album_id": 1,
            "artist_id": 1,
            "title": "Dee Yan-Key - paddleboat race",
            "length": 262.87,
            "track": 0,
            "disc": 1,
            "created_at": "2023-08-23T12:17:54.000000Z"
        },
        {
            "id": "45438d8cbcedf139f7fe4f2871441cfb",
            "album_id": 1,
            "artist_id": 1,
            "title": "Scott Holmes Music - Betrayed",
            "length": 92.97,
            "track": 0,
            "disc": 1,
            "created_at": "2023-08-23T12:17:55.000000Z"
        },
        {
            "id": "4adbd03cbb0a7f2cde3532db3d78ce52",
            "album_id": 7,
            "artist_id": 8,
            "title": "Bababadalgharaghtakamminarronnkonnbronntonnerronntuonnthunntrovarrhounawnskawntoohoohoordenenthurnuk!",
            "length": 87.35,
            "track": 13,
            "disc": 1,
            "created_at": "2023-08-23T12:17:54.000000Z"
        },
        {
            "id": "4eee64bec4818143c7764f775bf3f647",
            "album_id": 1,
            "artist_id": 1,
            "title": "Scott Holmes Music - Think Different",
            "length": 168.07,
            "track": 0,
            "disc": 1,
            "created_at": "2023-08-23T12:17:54.000000Z"
        },
        {
            "id": "549b5451f1bdb157c0269c128576521a",
            "album_id": 1,
            "artist_id": 1,
            "title": "HoliznaCC0 - In My ChildHood Daze",
            "length": 206.88,
            "track": 0,
            "disc": 1,
            "created_at": "2023-08-23T12:17:55.000000Z"
        },
        {
            "id": "58f8220aff6a9cf16cd22dc78bde53d7",
            "album_id": 2,
            "artist_id": 3,
            "title": "BornKing",
            "length": 210.13,
            "track": 0,
            "disc": 1,
            "created_at": "2023-08-23T12:17:55.000000Z"
        },
        {
            "id": "5dc55c29aed49c1a5232adcfc5aa2b88",
            "album_id": 1,
            "artist_id": 1,
            "title": "Shaolin Dub - Shadow-Man",
            "length": 178.94,
            "track": 0,
            "disc": 1,
            "created_at": "2023-08-23T12:17:54.000000Z"
        },
        {
            "id": "5de2c55e2edacbb10aa11bd8b66402ce",
            "album_id": 1,
            "artist_id": 1,
            "title": "Ketsa - From-Pillar-To-Post",
            "length": 198.56,
            "track": 0,
            "disc": 1,
            "created_at": "2023-08-23T12:17:54.000000Z"
        },
        {
            "id": "6090466af7c4afbe0af239118c57fb60",
            "album_id": 1,
            "artist_id": 1,
            "title": "Scott Holmes Music - Upbeat Funk Pop",
            "length": 103.26,
            "track": 0,
            "disc": 1,
            "created_at": "2023-08-23T12:17:54.000000Z"
        },
        {
            "id": "6165ffd4d6824eb9a4cdbc011dc35744",
            "album_id": 1,
            "artist_id": 1,
            "title": "HoliznaCC0 - SomeWhere In The Dark",
            "length": 118.8,
            "track": 0,
            "disc": 1,
            "created_at": "2023-08-23T12:17:54.000000Z"
        },
        {
            "id": "72786ff43751c0a3f48506576f85fe6f",
            "album_id": 4,
            "artist_id": 5,
            "title": "Saxophonian March",
            "length": 122.02,
            "track": 0,
            "disc": 1,
            "created_at": "2023-08-23T12:17:54.000000Z"
        },
        {
            "id": "72c2621fc4c5f21e75299aee4d089c0e",
            "album_id": 18,
            "artist_id": 18,
            "title": "Algorithms",
            "length": 149.39,
            "track": 0,
            "disc": 1,
            "created_at": "2023-08-23T12:17:55.000000Z"
        },
        {
            "id": "762680ff7f33c476fc029cee342eb762",
            "album_id": 2,
            "artist_id": 3,
            "title": "BossStatus",
            "length": 210.1,
            "track": 0,
            "disc": 1,
            "created_at": "2023-08-23T12:17:55.000000Z"
        },
        {
            "id": "770ecdb290d8223b1ba19667c6405496",
            "album_id": 1,
            "artist_id": 1,
            "title": "Mid-Air Machine - If It_s All I Do",
            "length": 164.28,
            "track": 0,
            "disc": 1,
            "created_at": "2023-08-23T12:17:54.000000Z"
        },
        {
            "id": "7c31f75b2a79e9dbab9efceb582bc698",
            "album_id": 1,
            "artist_id": 1,
            "title": "Dee Yan-Key - Wanderer above the Sea of Fog",
            "length": 203.73,
            "track": 0,
            "disc": 1,
            "created_at": "2023-08-23T12:17:54.000000Z"
        },
        {
            "id": "86e1c8cc92d1772818e9b7e331367a2d",
            "album_id": 1,
            "artist_id": 1,
            "title": "HoliznaCC0 - Lost In The Jungle",
            "length": 162.26,
            "track": 0,
            "disc": 1,
            "created_at": "2023-08-23T12:17:55.000000Z"
        },
        {
            "id": "87196fbd26aab78a364a2314afda2cd6",
            "album_id": 1,
            "artist_id": 1,
            "title": "Dee Yan-Key - beach stroll",
            "length": 201.91,
            "track": 0,
            "disc": 1,
            "created_at": "2023-08-23T12:17:54.000000Z"
        },
        {
            "id": "888590c638094fd06c68ef017b05cb34",
            "album_id": 6,
            "artist_id": 7,
            "title": "Paranoid Frustrations",
            "length": 480.03,
            "track": 7,
            "disc": 1,
            "created_at": "2023-08-23T12:17:54.000000Z"
        },
        {
            "id": "8af011a3359e5e04e61b16da6503ac60",
            "album_id": 1,
            "artist_id": 1,
            "title": "HoliznaCC0 - Lost On The Freeway",
            "length": 177.72,
            "track": 0,
            "disc": 1,
            "created_at": "2023-08-23T12:17:55.000000Z"
        },
        {
            "id": "8ba93ffd506f2737db4b499535718c22",
            "album_id": 1,
            "artist_id": 1,
            "title": "M33 Project - Classical Kanon",
            "length": 245.05,
            "track": 0,
            "disc": 1,
            "created_at": "2023-08-23T12:17:54.000000Z"
        },
        {
            "id": "8fae825dce59db4c0dca0d60942a3f2e",
            "album_id": 1,
            "artist_id": 1,
            "title": "HoliznaCC0 - Waves",
            "length": 124.08,
            "track": 0,
            "disc": 1,
            "created_at": "2023-08-23T12:17:55.000000Z"
        },
        {
            "id": "9879a9362da5696801a48bd903d55f19",
            "album_id": 1,
            "artist_id": 1,
            "title": "HoliznaCC0 - Get Evil",
            "length": 202.68,
            "track": 0,
            "disc": 1,
            "created_at": "2023-08-23T12:17:54.000000Z"
        },
        {
            "id": "9947f8bddfa6efe10a7d9e7b38a5d0ee",
            "album_id": 11,
            "artist_id": 12,
            "title": "Night Roses for Dario - Strings (ID 1696)",
            "length": 309.47,
            "track": 0,
            "disc": 1,
            "created_at": "2023-08-23T12:17:54.000000Z"
        },
        {
            "id": "9ea1532523c1eeae8fc9432a24c2a576",
            "album_id": 15,
            "artist_id": 15,
            "title": "Paean",
            "length": 134.35,
            "track": 6,
            "disc": 1,
            "created_at": "2023-08-23T12:17:55.000000Z"
        },
        {
            "id": "a88b79742fd367943ff90cc5220087da",
            "album_id": 1,
            "artist_id": 1,
            "title": "Ketsa - Beautiful",
            "length": 229.09,
            "track": 0,
            "disc": 1,
            "created_at": "2023-08-23T12:17:54.000000Z"
        },
        {
            "id": "a9e498f4bd2ef6ff99800e02e3e3009f",
            "album_id": 1,
            "artist_id": 1,
            "title": "M33 Project - The Force of the Softness - F Dorian Guitar _ Flute",
            "length": 105.53,
            "track": 0,
            "disc": 1,
            "created_at": "2023-08-23T12:17:55.000000Z"
        },
        {
            "id": "af5d684ab04f1feec8afad3a978ae4a0",
            "album_id": 3,
            "artist_id": 4,
            "title": "M_07_New Ideas",
            "length": 86.8,
            "track": 0,
            "disc": 1,
            "created_at": "2023-08-23T12:17:54.000000Z"
        },
        {
            "id": "b536265dcd85f2a3e648c65f4222a579",
            "album_id": 21,
            "artist_id": 21,
            "title": "Stance Gives You Balance",
            "length": 331.65,
            "track": 3,
            "disc": 1,
            "created_at": "2023-08-23T12:17:55.000000Z"
        },
        {
            "id": "c5e0a9ebde84d779308fc588d67fd25a",
            "album_id": 10,
            "artist_id": 11,
            "title": "Frantic",
            "length": 475.87,
            "track": 1,
            "disc": 1,
            "created_at": "2023-08-23T12:17:54.000000Z"
        },
        {
            "id": "c7d509686a8e5fac0ce528a3d32ff4a9",
            "album_id": 1,
            "artist_id": 1,
            "title": "M33 Project - Beautiful Flute Melody _ Strings",
            "length": 120.06,
            "track": 0,
            "disc": 1,
            "created_at": "2023-08-23T12:17:55.000000Z"
        },
        {
            "id": "c800925ed4af124d95e1f9e4b37d73dc",
            "album_id": 1,
            "artist_id": 1,
            "title": "Ketsa - That_s a Beat",
            "length": 206.68,
            "track": 0,
            "disc": 1,
            "created_at": "2023-08-23T12:17:54.000000Z"
        },
        {
            "id": "cf03e66adbdf8380a2e993fdbf93b3fe",
            "album_id": 1,
            "artist_id": 1,
            "title": "Dee Yan-Key - summer breeze",
            "length": 267.65,
            "track": 0,
            "disc": 1,
            "created_at": "2023-08-23T12:17:54.000000Z"
        },
        {
            "id": "d93d511c0c3e408e965f514a116fb9cd",
            "album_id": 1,
            "artist_id": 1,
            "title": "HoliznaCC0 - Lost In The City",
            "length": 177.94,
            "track": 0,
            "disc": 1,
            "created_at": "2023-08-23T12:17:55.000000Z"
        },
        {
            "id": "da98f9eb65971e2d76d9ec3640bab317",
            "album_id": 20,
            "artist_id": 20,
            "title": "Dark Days",
            "length": 491.6,
            "track": 1,
            "disc": 1,
            "created_at": "2023-08-23T12:17:55.000000Z"
        },
        {
            "id": "de86a283418f471609a43173153fc35d",
            "album_id": 11,
            "artist_id": 12,
            "title": "Take my Hand - Piano (ID 1698)",
            "length": 278.05,
            "track": 0,
            "disc": 1,
            "created_at": "2023-08-23T12:17:54.000000Z"
        },
        {
            "id": "e1fe78213a4a1ed265ea9b279891f02a",
            "album_id": 1,
            "artist_id": 1,
            "title": "Ketsa - Red-Light",
            "length": 180.72,
            "track": 0,
            "disc": 1,
            "created_at": "2023-08-23T12:17:55.000000Z"
        },
        {
            "id": "e5e1966c8d77a319d35babbec96296df",
            "album_id": 1,
            "artist_id": 1,
            "title": "HoliznaCC0 - Waiting On A Train",
            "length": 136.37,
            "track": 0,
            "disc": 1,
            "created_at": "2023-08-23T12:17:54.000000Z"
        },
        {
            "id": "e6fa5c914eb8a310219ed8ffaf466cbf",
            "album_id": 1,
            "artist_id": 1,
            "title": "Lobo Loco - Searching for Wilderness - Harph (ID 1694)",
            "length": 264.99,
            "track": 0,
            "disc": 1,
            "created_at": "2023-08-23T12:17:54.000000Z"
        },
        {
            "id": "eb1931e0cf7db8f35351a74786c8a1af",
            "album_id": 15,
            "artist_id": 15,
            "title": "Down in the Swamp",
            "length": 138.24,
            "track": 5,
            "disc": 1,
            "created_at": "2023-08-23T12:17:55.000000Z"
        },
        {
            "id": "eba0aa89c1a354032c86f5c9a1c5095a",
            "album_id": 19,
            "artist_id": 19,
            "title": "Reactor",
            "length": 495.33,
            "track": 6,
            "disc": 1,
            "created_at": "2023-08-23T12:17:55.000000Z"
        },
        {
            "id": "f09ec23a3cc6b9e5ee419f2ae86a10e9",
            "album_id": 7,
            "artist_id": 8,
            "title": "Whip-Poor-Will",
            "length": 83.91,
            "track": 7,
            "disc": 1,
            "created_at": "2023-08-23T12:17:55.000000Z"
        },
        {
            "id": "f25b26bc2963e2cb5f4a70511037c0a1",
            "album_id": 1,
            "artist_id": 1,
            "title": "Dee Yan-Key - sailing day",
            "length": 318.5,
            "track": 0,
            "disc": 1,
            "created_at": "2023-08-23T12:17:54.000000Z"
        },
        {
            "id": "f439e715b8c962b383fc9d2bd63da18c",
            "album_id": 16,
            "artist_id": 16,
            "title": "For the Poor",
            "length": 299.94,
            "track": 1,
            "disc": 1,
            "created_at": "2023-08-23T12:17:54.000000Z"
        },
        {
            "id": "f4b1324d0b978289e74e13dac143d648",
            "album_id": 1,
            "artist_id": 1,
            "title": "Philip Ravenel - The Greatest Century",
            "length": 162,
            "track": 0,
            "disc": 1,
            "created_at": "2023-08-23T12:17:54.000000Z"
        },
        {
            "id": "fc91665a6c089b4e4789e5806e2ed992",
            "album_id": 12,
            "artist_id": 6,
            "title": "Geisslerlieder",
            "length": 382.8,
            "track": 2,
            "disc": 1,
            "created_at": "2023-08-23T12:17:54.000000Z"
        },
        {
            "id": "fd2aeb03fda0fb34d53599bd7b7ce1d3",
            "album_id": 1,
            "artist_id": 1,
            "title": "Scott Holmes Music - Soft Inspiration",
            "length": 174.39,
            "track": 0,
            "disc": 1,
            "created_at": "2023-08-23T12:17:54.000000Z"
        },
        {
            "id": "fe2bb70b3762007bfc64f91c93bff1a7",
            "album_id": 14,
            "artist_id": 14,
            "title": "Funeral Music",
            "length": 641.91,
            "track": 83,
            "disc": 1,
            "created_at": "2023-08-23T12:17:54.000000Z"
        }
    ],
    "settings": [
        
    ],
    "playlists": [
        {
            "id": 92692,
            "name": "4m51oK",
            "rules": [
                {
                    "id": 1710460944557,
                    "rules": [
                        {
                            "id": 1710460944557,
                            "model": "title",
                            "operator": "contains",
                            "value": [
                                "dark"
                            ]
                        }
                    ]
                }
            ],
            "is_smart": true
        },
        {
            "id": 95370,
            "name": "a",
            "rules": [
                
            ],
            "is_smart": false
        },
        {
            "id": 95371,
            "name": "a",
            "rules": [
                
            ],
            "is_smart": false
        },
        {
            "id": 95368,
            "name": "FgqWKXTHoeBEojSK95qXB3WqvlODfY24OhODhLJC3lB0SeXxj7z35gEUP163IHQSc41jHKcFRmroptbAjS4BuxA41VDcaYMn6to3j54CK1QlAt4eouBWhNLhcUPa1VWESpht9p2q1TD1DDzk9r7XGDz9ejmuCb0fH9Xxt1UkDzjAnhE41uEmWaEkFObeOHsRUX7lClb8uYE4o9bh1TbgH92pMjRoFx5ZhYrsXNNOmbBlhLXFPT3YIlycZr5tt9x1",
            "rules": [
                
            ],
            "is_smart": false
        },
        {
            "id": 95369,
            "name": "IetdmF5iIbyijm3A3sf2Pap6mVtn1Ror77FqFr9HV7CnmYlOKeiy3BbVynDx3qlpERMmsmfrQGrh1DqObM8H7dPHKsoc08DyYpuQd2H2qL01Q5B5TZnz3J8173s83QIP2DgJAzIMLmQ4aufKXVQdbqqrsQ5slzf2VsqARKQSaMuXOAnxtGcWkejcR4cKs1l80JvBWzlPRZ5UjUuTtG1RcIW9VCFndKU8mOVJg24TqkmSfoCkL6ZF4siZ6eQdB6o1",
            "rules": [
                
            ],
            "is_smart": false
        },
        {
            "id": 94269,
            "name": "newPlaylist",
            "rules": [
                
            ],
            "is_smart": false
        },
        {
            "id": 93255,
            "name": "newPlaylist",
            "rules": [
                
            ],
            "is_smart": false
        },
        {
            "id": 93046,
            "name": "newPlaylist",
            "rules": [
                
            ],
            "is_smart": false
        },
        {
            "id": 94347,
            "name": "newPlaylist",
            "rules": [
                
            ],
            "is_smart": false
        },
        {
            "id": 95375,
            "name": "newPlaylist",
            "rules": [
                
            ],
            "is_smart": false
        },
        {
            "id": 92691,
            "name": "playlist",
            "rules": [
                
            ],
            "is_smart": false
        },
        {
            "id": 92693,
            "name": "playlist",
            "rules": [
                
            ],
            "is_smart": false
        },
        {
            "id": 95372,
            "name": "playlist",
            "rules": [
                
            ],
            "is_smart": false
        },
        {
            "id": 95374,
            "name": "playlist",
            "rules": [
                
            ],
            "is_smart": false
        },
        {
            "id": 94270,
            "name": "playlistWithSongAdded",
            "rules": [
                
            ],
            "is_smart": false
        },
        {
            "id": 91982,
            "name": "playlistWithSongAdded",
            "rules": [
                
            ],
            "is_smart": false
        },
        {
            "id": 95373,
            "name": "qRJbc",
            "rules": [
                {
                    "id": 1717336029075,
                    "rules": [
                        {
                            "id": 1717336029075,
                            "model": "title",
                            "operator": "contains",
                            "value": [
                                "dark"
                            ]
                        }
                    ]
                }
            ],
            "is_smart": true
        }
    ],
    "interactions": [
        {
            "song_id": "06cd19b77127f1e7f889ecad54376b30",
            "liked": false,
            "play_count": 26
        },
        {
            "song_id": "08116cdc269c9f19964369e4bb1ab343",
            "liked": false,
            "play_count": 17
        },
        {
            "song_id": "0aedf0c1c02188e8b73483d1bf2eacab",
            "liked": false,
            "play_count": 17
        },
        {
            "song_id": "0b794968a26cd03bb533762affc8c0ca",
            "liked": false,
            "play_count": 17
        },
        {
            "song_id": "0c3d784a530e74f9e5dbcad9c2711cd2",
            "liked": false,
            "play_count": 17
        },
        {
            "song_id": "0e594a078311010296f0738c0f9cb9f3",
            "liked": false,
            "play_count": 0
        },
        {
            "song_id": "0eaf41d7ff0eeb6dc0e430d392a4fa5f",
            "liked": false,
            "play_count": 0
        },
        {
            "song_id": "13eb7d65067cfc8dc4d3f513ce84ead9",
            "liked": false,
            "play_count": 0
        },
        {
            "song_id": "140c5de29c0405d27462cf195ec080f5",
            "liked": false,
            "play_count": 0
        },
        {
            "song_id": "17023d58685b790b95792ee619ddb457",
            "liked": false,
            "play_count": 0
        },
        {
            "song_id": "1bfa5b75745ebb5285b822f4b16899fd",
            "liked": false,
            "play_count": 0
        },
        {
            "song_id": "1d16ddaaf40c71b0ec115ce1c56ca8cb",
            "liked": false,
            "play_count": 0
        },
        {
            "song_id": "2c51d96b101db143f4d55151101f5b3c",
            "liked": false,
            "play_count": 0
        },
        {
            "song_id": "2e2c1e3c7eab8a3e751a2086f898e5a3",
            "liked": false,
            "play_count": 0
        },
        {
            "song_id": "30c13696a68d7794b5468ee3bc9a3fa6",
            "liked": false,
            "play_count": 0
        },
        {
            "song_id": "356765bb88eb6bbe26cd56c86b1780d7",
            "liked": false,
            "play_count": 0
        },
        {
            "song_id": "35d81310aa3965b7c1b8a201aea94736",
            "liked": false,
            "play_count": 0
        },
        {
            "song_id": "3d98035ebc9b79381d0a0bec8be9b1c9",
            "liked": false,
            "play_count": 0
        },
        {
            "song_id": "3dfc5899aed1fb7edba2ce89d8d8ec45",
            "liked": false,
            "play_count": 0
        },
        {
            "song_id": "44cc073be3de67008e756d271b1c16fe",
            "liked": false,
            "play_count": 0
        },
        {
            "song_id": "45438d8cbcedf139f7fe4f2871441cfb",
            "liked": false,
            "play_count": 0
        },
        {
            "song_id": "4adbd03cbb0a7f2cde3532db3d78ce52",
            "liked": false,
            "play_count": 0
        },
        {
            "song_id": "4eee64bec4818143c7764f775bf3f647",
            "liked": false,
            "play_count": 0
        },
        {
            "song_id": "549b5451f1bdb157c0269c128576521a",
            "liked": false,
            "play_count": 0
        },
        {
            "song_id": "58f8220aff6a9cf16cd22dc78bde53d7",
            "liked": false,
            "play_count": 0
        },
        {
            "song_id": "5dc55c29aed49c1a5232adcfc5aa2b88",
            "liked": false,
            "play_count": 0
        },
        {
            "song_id": "5de2c55e2edacbb10aa11bd8b66402ce",
            "liked": false,
            "play_count": 0
        },
        {
            "song_id": "6090466af7c4afbe0af239118c57fb60",
            "liked": false,
            "play_count": 0
        },
        {
            "song_id": "6165ffd4d6824eb9a4cdbc011dc35744",
            "liked": false,
            "play_count": 1
        },
        {
            "song_id": "72786ff43751c0a3f48506576f85fe6f",
            "liked": false,
            "play_count": 0
        },
        {
            "song_id": "72c2621fc4c5f21e75299aee4d089c0e",
            "liked": false,
            "play_count": 0
        },
        {
            "song_id": "762680ff7f33c476fc029cee342eb762",
            "liked": false,
            "play_count": 0
        },
        {
            "song_id": "770ecdb290d8223b1ba19667c6405496",
            "liked": false,
            "play_count": 0
        },
        {
            "song_id": "7c31f75b2a79e9dbab9efceb582bc698",
            "liked": false,
            "play_count": 0
        },
        {
            "song_id": "86e1c8cc92d1772818e9b7e331367a2d",
            "liked": false,
            "play_count": 0
        },
        {
            "song_id": "87196fbd26aab78a364a2314afda2cd6",
            "liked": false,
            "play_count": 0
        },
        {
            "song_id": "888590c638094fd06c68ef017b05cb34",
            "liked": false,
            "play_count": 0
        },
        {
            "song_id": "8af011a3359e5e04e61b16da6503ac60",
            "liked": false,
            "play_count": 0
        },
        {
            "song_id": "8ba93ffd506f2737db4b499535718c22",
            "liked": false,
            "play_count": 0
        },
        {
            "song_id": "8fae825dce59db4c0dca0d60942a3f2e",
            "liked": false,
            "play_count": 0
        },
        {
            "song_id": "9879a9362da5696801a48bd903d55f19",
            "liked": false,
            "play_count": 0
        },
        {
            "song_id": "9947f8bddfa6efe10a7d9e7b38a5d0ee",
            "liked": false,
            "play_count": 0
        },
        {
            "song_id": "9ea1532523c1eeae8fc9432a24c2a576",
            "liked": false,
            "play_count": 0
        },
        {
            "song_id": "a88b79742fd367943ff90cc5220087da",
            "liked": false,
            "play_count": 0
        },
        {
            "song_id": "a9e498f4bd2ef6ff99800e02e3e3009f",
            "liked": false,
            "play_count": 0
        },
        {
            "song_id": "af5d684ab04f1feec8afad3a978ae4a0",
            "liked": false,
            "play_count": 0
        },
        {
            "song_id": "b536265dcd85f2a3e648c65f4222a579",
            "liked": false,
            "play_count": 0
        },
        {
            "song_id": "c5e0a9ebde84d779308fc588d67fd25a",
            "liked": false,
            "play_count": 0
        },
        {
            "song_id": "c7d509686a8e5fac0ce528a3d32ff4a9",
            "liked": false,
            "play_count": 0
        },
        {
            "song_id": "c800925ed4af124d95e1f9e4b37d73dc",
            "liked": false,
            "play_count": 0
        },
        {
            "song_id": "cf03e66adbdf8380a2e993fdbf93b3fe",
            "liked": false,
            "play_count": 0
        },
        {
            "song_id": "d93d511c0c3e408e965f514a116fb9cd",
            "liked": false,
            "play_count": 0
        },
        {
            "song_id": "da98f9eb65971e2d76d9ec3640bab317",
            "liked": false,
            "play_count": 12
        },
        {
            "song_id": "de86a283418f471609a43173153fc35d",
            "liked": false,
            "play_count": 0
        },
        {
            "song_id": "e1fe78213a4a1ed265ea9b279891f02a",
            "liked": false,
            "play_count": 0
        },
        {
            "song_id": "e5e1966c8d77a319d35babbec96296df",
            "liked": false,
            "play_count": 0
        },
        {
            "song_id": "e6fa5c914eb8a310219ed8ffaf466cbf",
            "liked": false,
            "play_count": 0
        },
        {
            "song_id": "eb1931e0cf7db8f35351a74786c8a1af",
            "liked": false,
            "play_count": 0
        },
        {
            "song_id": "eba0aa89c1a354032c86f5c9a1c5095a",
            "liked": false,
            "play_count": 0
        },
        {
            "song_id": "f09ec23a3cc6b9e5ee419f2ae86a10e9",
            "liked": false,
            "play_count": 0
        },
        {
            "song_id": "f25b26bc2963e2cb5f4a70511037c0a1",
            "liked": false,
            "play_count": 0
        },
        {
            "song_id": "f439e715b8c962b383fc9d2bd63da18c",
            "liked": false,
            "play_count": 0
        },
        {
            "song_id": "f4b1324d0b978289e74e13dac143d648",
            "liked": false,
            "play_count": 0
        }
    ],
    "recentlyPlayed": [
        "0c3d784a530e74f9e5dbcad9c2711cd2",
        "0b794968a26cd03bb533762affc8c0ca",
        "0aedf0c1c02188e8b73483d1bf2eacab",
        "08116cdc269c9f19964369e4bb1ab343",
        "06cd19b77127f1e7f889ecad54376b30",
        "da98f9eb65971e2d76d9ec3640bab317",
        "6165ffd4d6824eb9a4cdbc011dc35744"
    ],
    "users": [
        
    ],
    "currentUser": {
        "id": 29067,
        "name": "student",
        "email": "franz.fernando+1@testpro.io",
        "is_admin": false,
        "preferences": {
            "lastfm_session_key": null
        }
    },
    "useLastfm": false,
    "useYouTube": false,
    "useiTunes": true,
    "allowDownload": true,
    "supportsTranscoding": false,
    "cdnUrl": "https://qa.koel.app/",
    "currentVersion": "v5.1.14",
    "latestVersion": "v5.1.14"
}
[INFO ] 2024-06-02 06:47:54.552 [Test worker] Log - getApplicationData passed!
[INFO ] 2024-06-02 06:47:56.343 [Test worker] Log - getRecentlyPlayedSongIds started!
0c3d784a530e74f9e5dbcad9c2711cd2
0b794968a26cd03bb533762affc8c0ca
0aedf0c1c02188e8b73483d1bf2eacab
08116cdc269c9f19964369e4bb1ab343
06cd19b77127f1e7f889ecad54376b30
da98f9eb65971e2d76d9ec3640bab317
6165ffd4d6824eb9a4cdbc011dc35744
[
    "0c3d784a530e74f9e5dbcad9c2711cd2",
    "0b794968a26cd03bb533762affc8c0ca",
    "0aedf0c1c02188e8b73483d1bf2eacab",
    "08116cdc269c9f19964369e4bb1ab343",
    "06cd19b77127f1e7f889ecad54376b30",
    "da98f9eb65971e2d76d9ec3640bab317",
    "6165ffd4d6824eb9a4cdbc011dc35744"
]
[INFO ] 2024-06-02 06:47:57.720 [Test worker] Log - getRecentlyPlayedSongIds passed!
[INFO ] 2024-06-02 06:47:59.488 [Test worker] Log - getRecentlyPlayedSongTitles started!
Connected to Koel database: true
M33 Project - Emotional Soundtrack
HoliznaCC0 - Way Of The Samurai
Riqui-Riqui
Episode 2
Dee Yan-Key - rainday
HoliznaCC0 - SomeWhere In The Dark
Dark Days
[
    "0c3d784a530e74f9e5dbcad9c2711cd2",
    "0b794968a26cd03bb533762affc8c0ca",
    "0aedf0c1c02188e8b73483d1bf2eacab",
    "08116cdc269c9f19964369e4bb1ab343",
    "06cd19b77127f1e7f889ecad54376b30",
    "da98f9eb65971e2d76d9ec3640bab317",
    "6165ffd4d6824eb9a4cdbc011dc35744"
]
Connection to Koel database closed: true
[INFO ] 2024-06-02 06:48:01.287 [Test worker] Log - getRecentlyPlayedSongTitles passed!
[INFO ] 2024-06-02 06:48:02.999 [Test worker] Log - increasePlayCount started!
[INFO ] 2024-06-02 06:48:03.824 [Test worker] Log - increasePlayCount passed!
[INFO ] 2024-06-02 06:48:05.670 [Test worker] Log - increasePlayCount started!
[INFO ] 2024-06-02 06:48:06.488 [Test worker] Log - increasePlayCount passed!
[INFO ] 2024-06-02 06:48:08.261 [Test worker] Log - increasePlayCount started!
[INFO ] 2024-06-02 06:48:09.369 [Test worker] Log - increasePlayCount passed!
[INFO ] 2024-06-02 06:48:11.183 [Test worker] Log - increasePlayCount started!
[INFO ] 2024-06-02 06:48:12.010 [Test worker] Log - increasePlayCount passed!
[INFO ] 2024-06-02 06:48:13.766 [Test worker] Log - increasePlayCount started!
[INFO ] 2024-06-02 06:48:14.524 [Test worker] Log - increasePlayCount passed!
[INFO ] 2024-06-02 06:48:16.278 [Test worker] Log - verifyPlaylistNames started!
[
    {
        "id": 92692,
        "name": "4m51oK",
        "rules": [
            {
                "id": 1710460944557,
                "rules": [
                    {
                        "id": 1710460944557,
                        "model": "title",
                        "operator": "contains",
                        "value": [
                            "dark"
                        ]
                    }
                ]
            }
        ],
        "is_smart": true
    },
    {
        "id": 95370,
        "name": "a",
        "rules": [
            
        ],
        "is_smart": false
    },
    {
        "id": 95371,
        "name": "a",
        "rules": [
            
        ],
        "is_smart": false
    },
    {
        "id": 95368,
        "name": "FgqWKXTHoeBEojSK95qXB3WqvlODfY24OhODhLJC3lB0SeXxj7z35gEUP163IHQSc41jHKcFRmroptbAjS4BuxA41VDcaYMn6to3j54CK1QlAt4eouBWhNLhcUPa1VWESpht9p2q1TD1DDzk9r7XGDz9ejmuCb0fH9Xxt1UkDzjAnhE41uEmWaEkFObeOHsRUX7lClb8uYE4o9bh1TbgH92pMjRoFx5ZhYrsXNNOmbBlhLXFPT3YIlycZr5tt9x1",
        "rules": [
            
        ],
        "is_smart": false
    },
    {
        "id": 95369,
        "name": "IetdmF5iIbyijm3A3sf2Pap6mVtn1Ror77FqFr9HV7CnmYlOKeiy3BbVynDx3qlpERMmsmfrQGrh1DqObM8H7dPHKsoc08DyYpuQd2H2qL01Q5B5TZnz3J8173s83QIP2DgJAzIMLmQ4aufKXVQdbqqrsQ5slzf2VsqARKQSaMuXOAnxtGcWkejcR4cKs1l80JvBWzlPRZ5UjUuTtG1RcIW9VCFndKU8mOVJg24TqkmSfoCkL6ZF4siZ6eQdB6o1",
        "rules": [
            
        ],
        "is_smart": false
    },
    {
        "id": 94269,
        "name": "newPlaylist",
        "rules": [
            
        ],
        "is_smart": false
    },
    {
        "id": 93255,
        "name": "newPlaylist",
        "rules": [
            
        ],
        "is_smart": false
    },
    {
        "id": 93046,
        "name": "newPlaylist",
        "rules": [
            
        ],
        "is_smart": false
    },
    {
        "id": 94347,
        "name": "newPlaylist",
        "rules": [
            
        ],
        "is_smart": false
    },
    {
        "id": 95375,
        "name": "newPlaylist",
        "rules": [
            
        ],
        "is_smart": false
    },
    {
        "id": 92691,
        "name": "playlist",
        "rules": [
            
        ],
        "is_smart": false
    },
    {
        "id": 92693,
        "name": "playlist",
        "rules": [
            
        ],
        "is_smart": false
    },
    {
        "id": 95372,
        "name": "playlist",
        "rules": [
            
        ],
        "is_smart": false
    },
    {
        "id": 95374,
        "name": "playlist",
        "rules": [
            
        ],
        "is_smart": false
    },
    {
        "id": 94270,
        "name": "playlistWithSongAdded",
        "rules": [
            
        ],
        "is_smart": false
    },
    {
        "id": 91982,
        "name": "playlistWithSongAdded",
        "rules": [
            
        ],
        "is_smart": false
    },
    {
        "id": 95373,
        "name": "qRJbc",
        "rules": [
            {
                "id": 1717336029075,
                "rules": [
                    {
                        "id": 1717336029075,
                        "model": "title",
                        "operator": "contains",
                        "value": [
                            "dark"
                        ]
                    }
                ]
            }
        ],
        "is_smart": true
    }
]
[INFO ] 2024-06-02 06:48:18.484 [Test worker] Log - verifyPlaylistNames passed!
[INFO ] 2024-06-02 06:48:20.278 [Test worker] Log - deletePlaylist started!
[
    
]
[WARN ] 2024-06-02 06:48:22.491 [Test worker] Log - deletePlaylist skipped
[INFO ] 2024-06-02 06:48:24.250 [Test worker] Log - deletePlaylist started!
[ERROR] 2024-06-02 06:48:25.114 [Test worker] Log - deletePlaylist failed!
[INFO ] 2024-06-02 06:48:25.114 [Test worker] Log - screen shot taken for failed test deletePlaylist
[INFO ] 2024-06-02 06:48:25.221 [Test worker] Log - getUserPlaylistNames started!
[WARN ] 2024-06-02 06:48:25.221 [Test worker] Log - getUserPlaylistNames skipped
]]></system-out>
  <system-err><![CDATA[Starting ChromeDriver 124.0.6367.91 (51df0e5e17a8b0a4f281c1665dbd1b8a0c6b46af-refs/branch-heads/6367@{#984}) on port 49980
Only local connections are allowed.
Please see https://chromedriver.chromium.org/security-considerations for suggestions on keeping ChromeDriver safe.
[1717336062.777][WARNING]: FromSockAddr failed on netmask
[1717336062.777][WARNING]: FromSockAddr failed on netmask
ChromeDriver was started successfully.
[1717336063.329][WARNING]: This version of ChromeDriver has not been tested with Chrome version 125.
Jun 02, 2024 6:47:43 AM org.openqa.selenium.remote.ProtocolHandshake createSession
INFO: Detected upstream dialect: W3C
Jun 02, 2024 6:47:43 AM org.openqa.selenium.devtools.CdpVersionFinder findNearestMatch
WARNING: Unable to find an exact match for CDP version 125, so returning the closest version found: a no-op implementation
Jun 02, 2024 6:47:43 AM org.openqa.selenium.devtools.CdpVersionFinder findNearestMatch
INFO: Unable to find CDP implementation matching 125.
Jun 02, 2024 6:47:43 AM org.openqa.selenium.chromium.ChromiumDriver lambda$new$3
WARNING: Unable to find version of CDP to use for . You may need to include a dependency on a specific version of the CDP using something similar to `org.seleniumhq.selenium:selenium-devtools-v86:4.5.0` where the version ("v86") matches the version of the chromium-based browser you're using and the version number of the artifact is the same as Selenium's.
Starting ChromeDriver 124.0.6367.91 (51df0e5e17a8b0a4f281c1665dbd1b8a0c6b46af-refs/branch-heads/6367@{#984}) on port 63087
Only local connections are allowed.
Please see https://chromedriver.chromium.org/security-considerations for suggestions on keeping ChromeDriver safe.
[1717336067.203][WARNING]: FromSockAddr failed on netmask
[1717336067.203][WARNING]: FromSockAddr failed on netmask
ChromeDriver was started successfully.
[1717336067.744][WARNING]: This version of ChromeDriver has not been tested with Chrome version 125.
Jun 02, 2024 6:47:47 AM org.openqa.selenium.remote.ProtocolHandshake createSession
INFO: Detected upstream dialect: W3C
Jun 02, 2024 6:47:47 AM org.openqa.selenium.devtools.CdpVersionFinder findNearestMatch
WARNING: Unable to find an exact match for CDP version 125, so returning the closest version found: a no-op implementation
Jun 02, 2024 6:47:47 AM org.openqa.selenium.devtools.CdpVersionFinder findNearestMatch
INFO: Unable to find CDP implementation matching 125.
Jun 02, 2024 6:47:47 AM org.openqa.selenium.chromium.ChromiumDriver lambda$new$3
WARNING: Unable to find version of CDP to use for . You may need to include a dependency on a specific version of the CDP using something similar to `org.seleniumhq.selenium:selenium-devtools-v86:4.5.0` where the version ("v86") matches the version of the chromium-based browser you're using and the version number of the artifact is the same as Selenium's.
Starting ChromeDriver 124.0.6367.91 (51df0e5e17a8b0a4f281c1665dbd1b8a0c6b46af-refs/branch-heads/6367@{#984}) on port 50730
Only local connections are allowed.
Please see https://chromedriver.chromium.org/security-considerations for suggestions on keeping ChromeDriver safe.
[1717336071.359][WARNING]: FromSockAddr failed on netmask
[1717336071.359][WARNING]: FromSockAddr failed on netmask
ChromeDriver was started successfully.
[1717336071.913][WARNING]: This version of ChromeDriver has not been tested with Chrome version 125.
Jun 02, 2024 6:47:51 AM org.openqa.selenium.remote.ProtocolHandshake createSession
INFO: Detected upstream dialect: W3C
Jun 02, 2024 6:47:51 AM org.openqa.selenium.devtools.CdpVersionFinder findNearestMatch
WARNING: Unable to find an exact match for CDP version 125, so returning the closest version found: a no-op implementation
Jun 02, 2024 6:47:51 AM org.openqa.selenium.devtools.CdpVersionFinder findNearestMatch
INFO: Unable to find CDP implementation matching 125.
Jun 02, 2024 6:47:51 AM org.openqa.selenium.chromium.ChromiumDriver lambda$new$3
WARNING: Unable to find version of CDP to use for . You may need to include a dependency on a specific version of the CDP using something similar to `org.seleniumhq.selenium:selenium-devtools-v86:4.5.0` where the version ("v86") matches the version of the chromium-based browser you're using and the version number of the artifact is the same as Selenium's.
Starting ChromeDriver 124.0.6367.91 (51df0e5e17a8b0a4f281c1665dbd1b8a0c6b46af-refs/branch-heads/6367@{#984}) on port 64993
Only local connections are allowed.
Please see https://chromedriver.chromium.org/security-considerations for suggestions on keeping ChromeDriver safe.
[1717336074.677][WARNING]: FromSockAddr failed on netmask
[1717336074.677][WARNING]: FromSockAddr failed on netmask
ChromeDriver was started successfully.
[1717336075.245][WARNING]: This version of ChromeDriver has not been tested with Chrome version 125.
Jun 02, 2024 6:47:55 AM org.openqa.selenium.remote.ProtocolHandshake createSession
INFO: Detected upstream dialect: W3C
Jun 02, 2024 6:47:55 AM org.openqa.selenium.devtools.CdpVersionFinder findNearestMatch
WARNING: Unable to find an exact match for CDP version 125, so returning the closest version found: a no-op implementation
Jun 02, 2024 6:47:55 AM org.openqa.selenium.devtools.CdpVersionFinder findNearestMatch
INFO: Unable to find CDP implementation matching 125.
Jun 02, 2024 6:47:55 AM org.openqa.selenium.chromium.ChromiumDriver lambda$new$3
WARNING: Unable to find version of CDP to use for . You may need to include a dependency on a specific version of the CDP using something similar to `org.seleniumhq.selenium:selenium-devtools-v86:4.5.0` where the version ("v86") matches the version of the chromium-based browser you're using and the version number of the artifact is the same as Selenium's.
Starting ChromeDriver 124.0.6367.91 (51df0e5e17a8b0a4f281c1665dbd1b8a0c6b46af-refs/branch-heads/6367@{#984}) on port 65314
Only local connections are allowed.
Please see https://chromedriver.chromium.org/security-considerations for suggestions on keeping ChromeDriver safe.
[1717336077.871][WARNING]: FromSockAddr failed on netmask
[1717336077.871][WARNING]: FromSockAddr failed on netmask
ChromeDriver was started successfully.
[1717336078.411][WARNING]: This version of ChromeDriver has not been tested with Chrome version 125.
Jun 02, 2024 6:47:58 AM org.openqa.selenium.remote.ProtocolHandshake createSession
INFO: Detected upstream dialect: W3C
Jun 02, 2024 6:47:58 AM org.openqa.selenium.devtools.CdpVersionFinder findNearestMatch
WARNING: Unable to find an exact match for CDP version 125, so returning the closest version found: a no-op implementation
Jun 02, 2024 6:47:58 AM org.openqa.selenium.devtools.CdpVersionFinder findNearestMatch
INFO: Unable to find CDP implementation matching 125.
Jun 02, 2024 6:47:58 AM org.openqa.selenium.chromium.ChromiumDriver lambda$new$3
WARNING: Unable to find version of CDP to use for . You may need to include a dependency on a specific version of the CDP using something similar to `org.seleniumhq.selenium:selenium-devtools-v86:4.5.0` where the version ("v86") matches the version of the chromium-based browser you're using and the version number of the artifact is the same as Selenium's.
Starting ChromeDriver 124.0.6367.91 (51df0e5e17a8b0a4f281c1665dbd1b8a0c6b46af-refs/branch-heads/6367@{#984}) on port 57860
Only local connections are allowed.
Please see https://chromedriver.chromium.org/security-considerations for suggestions on keeping ChromeDriver safe.
[1717336081.414][WARNING]: FromSockAddr failed on netmask
[1717336081.414][WARNING]: FromSockAddr failed on netmask
ChromeDriver was started successfully.
[1717336081.943][WARNING]: This version of ChromeDriver has not been tested with Chrome version 125.
Jun 02, 2024 6:48:02 AM org.openqa.selenium.remote.ProtocolHandshake createSession
INFO: Detected upstream dialect: W3C
Jun 02, 2024 6:48:02 AM org.openqa.selenium.devtools.CdpVersionFinder findNearestMatch
WARNING: Unable to find an exact match for CDP version 125, so returning the closest version found: a no-op implementation
Jun 02, 2024 6:48:02 AM org.openqa.selenium.devtools.CdpVersionFinder findNearestMatch
INFO: Unable to find CDP implementation matching 125.
Jun 02, 2024 6:48:02 AM org.openqa.selenium.chromium.ChromiumDriver lambda$new$3
WARNING: Unable to find version of CDP to use for . You may need to include a dependency on a specific version of the CDP using something similar to `org.seleniumhq.selenium:selenium-devtools-v86:4.5.0` where the version ("v86") matches the version of the chromium-based browser you're using and the version number of the artifact is the same as Selenium's.
Starting ChromeDriver 124.0.6367.91 (51df0e5e17a8b0a4f281c1665dbd1b8a0c6b46af-refs/branch-heads/6367@{#984}) on port 57013
Only local connections are allowed.
Please see https://chromedriver.chromium.org/security-considerations for suggestions on keeping ChromeDriver safe.
[1717336083.957][WARNING]: FromSockAddr failed on netmask
[1717336083.957][WARNING]: FromSockAddr failed on netmask
ChromeDriver was started successfully.
[1717336084.511][WARNING]: This version of ChromeDriver has not been tested with Chrome version 125.
Jun 02, 2024 6:48:04 AM org.openqa.selenium.remote.ProtocolHandshake createSession
INFO: Detected upstream dialect: W3C
Jun 02, 2024 6:48:04 AM org.openqa.selenium.devtools.CdpVersionFinder findNearestMatch
WARNING: Unable to find an exact match for CDP version 125, so returning the closest version found: a no-op implementation
Jun 02, 2024 6:48:04 AM org.openqa.selenium.devtools.CdpVersionFinder findNearestMatch
INFO: Unable to find CDP implementation matching 125.
Jun 02, 2024 6:48:04 AM org.openqa.selenium.chromium.ChromiumDriver lambda$new$3
WARNING: Unable to find version of CDP to use for . You may need to include a dependency on a specific version of the CDP using something similar to `org.seleniumhq.selenium:selenium-devtools-v86:4.5.0` where the version ("v86") matches the version of the chromium-based browser you're using and the version number of the artifact is the same as Selenium's.
Starting ChromeDriver 124.0.6367.91 (51df0e5e17a8b0a4f281c1665dbd1b8a0c6b46af-refs/branch-heads/6367@{#984}) on port 50722
Only local connections are allowed.
Please see https://chromedriver.chromium.org/security-considerations for suggestions on keeping ChromeDriver safe.
[1717336086.623][WARNING]: FromSockAddr failed on netmask
[1717336086.623][WARNING]: FromSockAddr failed on netmask
ChromeDriver was started successfully.
[1717336087.142][WARNING]: This version of ChromeDriver has not been tested with Chrome version 125.
Jun 02, 2024 6:48:07 AM org.openqa.selenium.remote.ProtocolHandshake createSession
INFO: Detected upstream dialect: W3C
Jun 02, 2024 6:48:07 AM org.openqa.selenium.devtools.CdpVersionFinder findNearestMatch
WARNING: Unable to find an exact match for CDP version 125, so returning the closest version found: a no-op implementation
Jun 02, 2024 6:48:07 AM org.openqa.selenium.devtools.CdpVersionFinder findNearestMatch
INFO: Unable to find CDP implementation matching 125.
Jun 02, 2024 6:48:07 AM org.openqa.selenium.chromium.ChromiumDriver lambda$new$3
WARNING: Unable to find version of CDP to use for . You may need to include a dependency on a specific version of the CDP using something similar to `org.seleniumhq.selenium:selenium-devtools-v86:4.5.0` where the version ("v86") matches the version of the chromium-based browser you're using and the version number of the artifact is the same as Selenium's.
Starting ChromeDriver 124.0.6367.91 (51df0e5e17a8b0a4f281c1665dbd1b8a0c6b46af-refs/branch-heads/6367@{#984}) on port 49843
Only local connections are allowed.
Please see https://chromedriver.chromium.org/security-considerations for suggestions on keeping ChromeDriver safe.
[1717336089.497][WARNING]: FromSockAddr failed on netmask
[1717336089.497][WARNING]: FromSockAddr failed on netmask
ChromeDriver was started successfully.
[1717336090.062][WARNING]: This version of ChromeDriver has not been tested with Chrome version 125.
Jun 02, 2024 6:48:10 AM org.openqa.selenium.remote.ProtocolHandshake createSession
INFO: Detected upstream dialect: W3C
Jun 02, 2024 6:48:10 AM org.openqa.selenium.devtools.CdpVersionFinder findNearestMatch
WARNING: Unable to find an exact match for CDP version 125, so returning the closest version found: a no-op implementation
Jun 02, 2024 6:48:10 AM org.openqa.selenium.devtools.CdpVersionFinder findNearestMatch
INFO: Unable to find CDP implementation matching 125.
Jun 02, 2024 6:48:10 AM org.openqa.selenium.chromium.ChromiumDriver lambda$new$3
WARNING: Unable to find version of CDP to use for . You may need to include a dependency on a specific version of the CDP using something similar to `org.seleniumhq.selenium:selenium-devtools-v86:4.5.0` where the version ("v86") matches the version of the chromium-based browser you're using and the version number of the artifact is the same as Selenium's.
Starting ChromeDriver 124.0.6367.91 (51df0e5e17a8b0a4f281c1665dbd1b8a0c6b46af-refs/branch-heads/6367@{#984}) on port 62001
Only local connections are allowed.
Please see https://chromedriver.chromium.org/security-considerations for suggestions on keeping ChromeDriver safe.
[1717336092.156][WARNING]: FromSockAddr failed on netmask
[1717336092.156][WARNING]: FromSockAddr failed on netmask
ChromeDriver was started successfully.
[1717336092.710][WARNING]: This version of ChromeDriver has not been tested with Chrome version 125.
Jun 02, 2024 6:48:12 AM org.openqa.selenium.remote.ProtocolHandshake createSession
INFO: Detected upstream dialect: W3C
Jun 02, 2024 6:48:12 AM org.openqa.selenium.devtools.CdpVersionFinder findNearestMatch
WARNING: Unable to find an exact match for CDP version 125, so returning the closest version found: a no-op implementation
Jun 02, 2024 6:48:12 AM org.openqa.selenium.devtools.CdpVersionFinder findNearestMatch
INFO: Unable to find CDP implementation matching 125.
Jun 02, 2024 6:48:12 AM org.openqa.selenium.chromium.ChromiumDriver lambda$new$3
WARNING: Unable to find version of CDP to use for . You may need to include a dependency on a specific version of the CDP using something similar to `org.seleniumhq.selenium:selenium-devtools-v86:4.5.0` where the version ("v86") matches the version of the chromium-based browser you're using and the version number of the artifact is the same as Selenium's.
Starting ChromeDriver 124.0.6367.91 (51df0e5e17a8b0a4f281c1665dbd1b8a0c6b46af-refs/branch-heads/6367@{#984}) on port 65264
Only local connections are allowed.
Please see https://chromedriver.chromium.org/security-considerations for suggestions on keeping ChromeDriver safe.
[1717336094.675][WARNING]: FromSockAddr failed on netmask
[1717336094.675][WARNING]: FromSockAddr failed on netmask
ChromeDriver was started successfully.
[1717336095.228][WARNING]: This version of ChromeDriver has not been tested with Chrome version 125.
Jun 02, 2024 6:48:15 AM org.openqa.selenium.remote.ProtocolHandshake createSession
INFO: Detected upstream dialect: W3C
Jun 02, 2024 6:48:15 AM org.openqa.selenium.devtools.CdpVersionFinder findNearestMatch
WARNING: Unable to find an exact match for CDP version 125, so returning the closest version found: a no-op implementation
Jun 02, 2024 6:48:15 AM org.openqa.selenium.devtools.CdpVersionFinder findNearestMatch
INFO: Unable to find CDP implementation matching 125.
Jun 02, 2024 6:48:15 AM org.openqa.selenium.chromium.ChromiumDriver lambda$new$3
WARNING: Unable to find version of CDP to use for . You may need to include a dependency on a specific version of the CDP using something similar to `org.seleniumhq.selenium:selenium-devtools-v86:4.5.0` where the version ("v86") matches the version of the chromium-based browser you're using and the version number of the artifact is the same as Selenium's.
Starting ChromeDriver 124.0.6367.91 (51df0e5e17a8b0a4f281c1665dbd1b8a0c6b46af-refs/branch-heads/6367@{#984}) on port 55919
Only local connections are allowed.
Please see https://chromedriver.chromium.org/security-considerations for suggestions on keeping ChromeDriver safe.
[1717336098.607][WARNING]: FromSockAddr failed on netmask
[1717336098.607][WARNING]: FromSockAddr failed on netmask
ChromeDriver was started successfully.
[1717336099.158][WARNING]: This version of ChromeDriver has not been tested with Chrome version 125.
Jun 02, 2024 6:48:19 AM org.openqa.selenium.remote.ProtocolHandshake createSession
INFO: Detected upstream dialect: W3C
Jun 02, 2024 6:48:19 AM org.openqa.selenium.devtools.CdpVersionFinder findNearestMatch
WARNING: Unable to find an exact match for CDP version 125, so returning the closest version found: a no-op implementation
Jun 02, 2024 6:48:19 AM org.openqa.selenium.devtools.CdpVersionFinder findNearestMatch
INFO: Unable to find CDP implementation matching 125.
Jun 02, 2024 6:48:19 AM org.openqa.selenium.chromium.ChromiumDriver lambda$new$3
WARNING: Unable to find version of CDP to use for . You may need to include a dependency on a specific version of the CDP using something similar to `org.seleniumhq.selenium:selenium-devtools-v86:4.5.0` where the version ("v86") matches the version of the chromium-based browser you're using and the version number of the artifact is the same as Selenium's.
Starting ChromeDriver 124.0.6367.91 (51df0e5e17a8b0a4f281c1665dbd1b8a0c6b46af-refs/branch-heads/6367@{#984}) on port 57808
Only local connections are allowed.
Please see https://chromedriver.chromium.org/security-considerations for suggestions on keeping ChromeDriver safe.
[1717336102.614][WARNING]: FromSockAddr failed on netmask
[1717336102.614][WARNING]: FromSockAddr failed on netmask
ChromeDriver was started successfully.
[1717336103.144][WARNING]: This version of ChromeDriver has not been tested with Chrome version 125.
Jun 02, 2024 6:48:23 AM org.openqa.selenium.remote.ProtocolHandshake createSession
INFO: Detected upstream dialect: W3C
Jun 02, 2024 6:48:23 AM org.openqa.selenium.devtools.CdpVersionFinder findNearestMatch
WARNING: Unable to find an exact match for CDP version 125, so returning the closest version found: a no-op implementation
Jun 02, 2024 6:48:23 AM org.openqa.selenium.devtools.CdpVersionFinder findNearestMatch
INFO: Unable to find CDP implementation matching 125.
Jun 02, 2024 6:48:23 AM org.openqa.selenium.chromium.ChromiumDriver lambda$new$3
WARNING: Unable to find version of CDP to use for . You may need to include a dependency on a specific version of the CDP using something similar to `org.seleniumhq.selenium:selenium-devtools-v86:4.5.0` where the version ("v86") matches the version of the chromium-based browser you're using and the version number of the artifact is the same as Selenium's.
]]></system-err>
</testsuite>
