<?xml version="1.0" encoding="UTF-8"?>
<testsuite name="testcases.AlbumsTests" tests="9" skipped="0" failures="0" errors="0" timestamp="2024-06-27T16:27:49" hostname="admins-Air" time="334.601">
  <properties/>
  <testcase name="albumsAreDisplayed" classname="testcases.AlbumsTests" time="2.48"/>
  <testcase name="checkAlbumArtist" classname="testcases.AlbumsTests" time="3.001"/>
  <testcase name="checkAlbumCoverImages" classname="testcases.AlbumsTests" time="25.209"/>
  <testcase name="checkAlbumSongDurtation" classname="testcases.AlbumsTests" time="216.056"/>
  <testcase name="checkAlbumSongTrackTotal" classname="testcases.AlbumsTests" time="24.739"/>
  <testcase name="checkAlbumTitles" classname="testcases.AlbumsTests" time="14.316"/>
  <testcase name="checkDownloadButton" classname="testcases.AlbumsTests" time="11.269"/>
  <testcase name="checkShuffleButton" classname="testcases.AlbumsTests" time="17.451"/>
  <testcase name="playFirstAlbumSongs" classname="testcases.AlbumsTests" time="2.157"/>
  <system-out><![CDATA[[INFO ] 2024-06-27 09:27:49.046 [TestNG-tests-2] Log - albumsAreDisplayed started!
[INFO ] 2024-06-27 09:27:51.526 [TestNG-tests-2] Log - albumsAreDisplayed passed!
[INFO ] 2024-06-27 09:27:54.146 [TestNG-tests-2] Log - checkAlbumArtist started!
Album track info: Makaih Beats
Album track info: Chad Crouch
Album track info: AKMV-18
Album track info: AKMV-18
Album track info: Grav
Album track info: Metre
Album track info: Herre Jorna
Album track info: Various Artists
Album track info: Various Artists
Album track info: Ron Milazzo
Album track info: Till Paradiso
Album track info: Ron Milazzo
Album track info: BoxCat Games
Album track info: REW<<
Album track info: Xylo-Ziko
Album track info: Music Insiders By Fma
Album track info: Dan Brasco
Album track info: Unknown Artist
Album track info: Origami Repetika
Album track info: Lobo Loco
Album track info: Dee Yan-Key
Album track info: Robert John
Album track info: Makaih Beats
Album track info: Chad Crouch
Album track info: AKMV-18
Album track info: AKMV-18
Album track info: Grav
Album track info: Metre
Album track info: Herre Jorna
Album track info: Various Artists
Album track info: Various Artists
Album track info: Ron Milazzo
Album track info: Till Paradiso
Album track info: Ron Milazzo
Album track info: BoxCat Games
Album track info: REW<<
Album track info: Xylo-Ziko
Album track info: Music Insiders By Fma
Album track info: Dan Brasco
Album track info: Unknown Artist
Album track info: Origami Repetika
Album track info: Lobo Loco
Album track info: Dee Yan-Key
Album track info: Robert John
[INFO ] 2024-06-27 09:27:57.146 [TestNG-tests-2] Log - checkAlbumArtist passed!
[INFO ] 2024-06-27 09:27:59.777 [TestNG-tests-2] Log - checkAlbumCoverImages started!
[INFO ] 2024-06-27 09:28:09.011 [TestNG-tests-1] Log - likeSongs passed!
[INFO ] 2024-06-27 09:28:27.224 [TestNG-tests-2] Log - checkAlbumSongDurtation started!
[INFO ] 2024-06-27 09:32:05.964 [TestNG-tests-2] Log - checkAlbumSongTrackTotal started!
Album track info: 3 songs • 10:32 • 0 plays
Song total: 3
Album track info: 1 song • 02:29 • 0 plays
Song total: 1
Album track info: 1 song • 06:22 • 0 plays
Song total: 1
Album track info: 1 song • 11:44 • 0 plays
Song total: 1
Album track info: 1 song • 08:11 • 12 plays
Song total: 1
Album track info: 1 song • 07:55 • 0 plays
Song total: 1
Album track info: 1 song • 08:00 • 0 plays
Song total: 1
Album track info: 1 song • 00:52 • 0 plays
Song total: 1
Album track info: 1 song • 05:31 • 0 plays
Song total: 1
Album track info: 1 song • 06:39 • 0 plays
Song total: 1
Album track info: 1 song • 01:26 • 0 plays
Song total: 1
Album track info: 1 song • 06:14 • 0 plays
Song total: 1
Album track info: 1 song • 00:54 • 0 plays
Song total: 1
Album track info: 3 songs • 04:34 • 20 plays
Song total: 3
Album track info: 1 song • 08:15 • 0 plays
Song total: 1
Album track info: 1 song • 22:26 • 20 plays
Song total: 1
Album track info: 1 song • 04:59 • 0 plays
Song total: 1
Album track info: 36 songs • 01:59:14 • 70 plays
Song total: 36
Album track info: 1 song • 02:02 • 0 plays
Song total: 1
Album track info: 4 songs • 17:18 • 0 plays
Song total: 4
Album track info: 1 song • 10:41 • 0 plays
Song total: 1
Album track info: 3 songs • 06:27 • 0 plays
Song total: 3
Could not find album track total on one or more albums: Expected condition failed: waiting for visibility of Decorated {[[ChromeDriver: chrome on MAC (5d00d2133e25888dd22f8c4ecb2e3c02)] -> css selector: article.item.full footer .meta .left]} (tried for 10 second(s) with 500 milliseconds interval)
Build info: version: '4.5.0', revision: 'fe167b119a'
System info: os.name: 'Mac OS X', os.arch: 'aarch64', os.version: '14.5', java.version: '17.0.9'
Driver info: net.bytebuddy.renamed.java.lang.Object$ByteBuddy$KKzfu78V
Album track info: 3 songs • 10:32 • 0 plays
Song total: 3
Album track info: 1 song • 02:29 • 0 plays
Song total: 1
Album track info: 1 song • 06:22 • 0 plays
Song total: 1
Album track info: 1 song • 11:44 • 0 plays
Song total: 1
Album track info: 1 song • 08:11 • 12 plays
Song total: 1
Album track info: 1 song • 07:55 • 0 plays
Song total: 1
Album track info: 1 song • 08:00 • 0 plays
Song total: 1
Album track info: 1 song • 00:52 • 0 plays
Song total: 1
Album track info: 1 song • 05:31 • 0 plays
Song total: 1
Album track info: 3 songs • 10:32 • 0 plays
Song total: 3
Album track info: 1 song • 02:29 • 0 plays
Song total: 1
Album track info: 1 song • 06:22 • 0 plays
Song total: 1
Album track info: 1 song • 11:44 • 0 plays
Song total: 1
Album track info: 1 song • 08:11 • 12 plays
Song total: 1
Album track info: 1 song • 07:55 • 0 plays
Song total: 1
Album track info: 1 song • 08:00 • 0 plays
Song total: 1
Album track info: 1 song • 00:52 • 0 plays
Song total: 1
Album track info: 1 song • 05:31 • 0 plays
Song total: 1
Album track info: 1 song • 06:39 • 0 plays
Song total: 1
Album track info: 1 song • 01:26 • 0 plays
Song total: 1
Album track info: 1 song • 06:14 • 0 plays
Song total: 1
Album track info: 1 song • 00:54 • 0 plays
Song total: 1
Album track info: 3 songs • 04:34 • 20 plays
Song total: 3
Album track info: 1 song • 08:15 • 0 plays
Song total: 1
Album track info: 1 song • 22:26 • 20 plays
Song total: 1
Album track info: 1 song • 04:59 • 0 plays
Song total: 1
Album track info: 36 songs • 01:59:14 • 70 plays
Song total: 36
Album track info: 1 song • 02:02 • 0 plays
Song total: 1
Album track info: 4 songs • 17:18 • 0 plays
Song total: 4
Album track info: 1 song • 10:41 • 0 plays
Song total: 1
Album track info: 3 songs • 06:27 • 0 plays
Song total: 3
Could not find album track total on one or more albums: Expected condition failed: waiting for visibility of Decorated {[[ChromeDriver: chrome on MAC (5d00d2133e25888dd22f8c4ecb2e3c02)] -> css selector: article.item.full footer .meta .left]} (tried for 10 second(s) with 500 milliseconds interval)
Build info: version: '4.5.0', revision: 'fe167b119a'
System info: os.name: 'Mac OS X', os.arch: 'aarch64', os.version: '14.5', java.version: '17.0.9'
Driver info: net.bytebuddy.renamed.java.lang.Object$ByteBuddy$KKzfu78V
Album track info: 3 songs • 10:32 • 0 plays
Song total: 3
Album track info: 1 song • 02:29 • 0 plays
Song total: 1
Album track info: 1 song • 06:22 • 0 plays
Song total: 1
Album track info: 1 song • 11:44 • 0 plays
Song total: 1
Album track info: 1 song • 08:11 • 12 plays
Song total: 1
Album track info: 1 song • 07:55 • 0 plays
Song total: 1
Album track info: 1 song • 08:00 • 0 plays
Song total: 1
Album track info: 1 song • 00:52 • 0 plays
Song total: 1
Album track info: 1 song • 05:31 • 0 plays
Song total: 1
[INFO ] 2024-06-27 09:32:30.703 [TestNG-tests-2] Log - checkAlbumSongTrackTotal passed!
[INFO ] 2024-06-27 09:32:33.233 [TestNG-tests-2] Log - checkAlbumTitles started!
Album track info: Airbit
Album track info: Arps
Album track info: Chevalerie EP
Album track info: Damnatio Memoriae EP
Album track info: Dark Days EP
Album track info: Defunct
Album track info: Disorganized Complexity EP
Album track info: Entries
Album track info: Hogan Grip - Stance Gives You Balance
Album track info: I'm Saying It Anyway
Album track info: Marginal
Album track info: Midnight in Mississippi
Album track info: Nameless: The Hackers RPG Soundtrack
Album track info: Onomatopoeia
Album track info: Prism
Album track info: Simon Mathewson
Album track info: Two-Tier Society
Album track info: Unknown Album
Album track info: Unknown Album
Album track info: Unknown Album
Album track info: Unknown Album
Album track info: Unknown Album
Album track info: Airbit
Album track info: Arps
Album track info: Chevalerie EP
Album track info: Damnatio Memoriae EP
Album track info: Dark Days EP
Album track info: Defunct
Album track info: Disorganized Complexity EP
Album track info: Entries
Album track info: Hogan Grip - Stance Gives You Balance
Album track info: Airbit
Album track info: Arps
Album track info: Chevalerie EP
Album track info: Damnatio Memoriae EP
Album track info: Dark Days EP
Album track info: Defunct
Album track info: Disorganized Complexity EP
Album track info: Entries
Album track info: Hogan Grip - Stance Gives You Balance
Album track info: I'm Saying It Anyway
Album track info: Marginal
Album track info: Midnight in Mississippi
Album track info: Nameless: The Hackers RPG Soundtrack
Album track info: Onomatopoeia
Album track info: Prism
Album track info: Simon Mathewson
Album track info: Two-Tier Society
Album track info: Unknown Album
Album track info: Unknown Album
Album track info: Unknown Album
Album track info: Unknown Album
Album track info: Unknown Album
Album track info: Airbit
Album track info: Arps
Album track info: Chevalerie EP
Album track info: Damnatio Memoriae EP
Album track info: Dark Days EP
Album track info: Defunct
Album track info: Disorganized Complexity EP
Album track info: Entries
Album track info: Hogan Grip - Stance Gives You Balance
[INFO ] 2024-06-27 09:32:47.549 [TestNG-tests-2] Log - checkAlbumTitles passed!
[INFO ] 2024-06-27 09:32:48.860 [TestNG-tests-2] Log - checkDownloadButton started!
[INFO ] 2024-06-27 09:33:00.128 [TestNG-tests-2] Log - checkDownloadButton passed!
[INFO ] 2024-06-27 09:33:01.321 [TestNG-tests-2] Log - checkShuffleButton started!
[INFO ] 2024-06-27 09:33:18.772 [TestNG-tests-2] Log - checkShuffleButton passed!
[INFO ] 2024-06-27 09:33:21.490 [TestNG-tests-2] Log - playFirstAlbumSongs started!
[INFO ] 2024-06-27 09:33:23.647 [TestNG-tests-2] Log - playFirstAlbumSongs passed!
]]></system-out>
  <system-err><![CDATA[Starting ChromeDriver 125.0.6422.141 (4b1e83937122185343ba92e909b021f307c719ca-refs/branch-heads/6422@{#1186}) on port 54966
Only local connections are allowed.
Please see https://chromedriver.chromium.org/security-considerations for suggestions on keeping ChromeDriver safe.
[1719505666.721][WARNING]: FromSockAddr failed on netmask
[1719505666.721][WARNING]: FromSockAddr failed on netmask
ChromeDriver was started successfully.
[1719505667.327][WARNING]: This version of ChromeDriver has not been tested with Chrome version 126.
Jun 27, 2024 9:27:47 AM org.openqa.selenium.remote.ProtocolHandshake createSession
INFO: Detected upstream dialect: W3C
Jun 27, 2024 9:27:47 AM org.openqa.selenium.devtools.CdpVersionFinder findNearestMatch
WARNING: Unable to find an exact match for CDP version 126, so returning the closest version found: a no-op implementation
Jun 27, 2024 9:27:47 AM org.openqa.selenium.devtools.CdpVersionFinder findNearestMatch
INFO: Unable to find CDP implementation matching 126.
Jun 27, 2024 9:27:47 AM org.openqa.selenium.chromium.ChromiumDriver lambda$new$3
WARNING: Unable to find version of CDP to use for . You may need to include a dependency on a specific version of the CDP using something similar to `org.seleniumhq.selenium:selenium-devtools-v86:4.5.0` where the version ("v86") matches the version of the chromium-based browser you're using and the version number of the artifact is the same as Selenium's.
Starting ChromeDriver 125.0.6422.141 (4b1e83937122185343ba92e909b021f307c719ca-refs/branch-heads/6422@{#1186}) on port 54779
Only local connections are allowed.
Please see https://chromedriver.chromium.org/security-considerations for suggestions on keeping ChromeDriver safe.
[1719505671.648][WARNING]: FromSockAddr failed on netmask
[1719505671.648][WARNING]: FromSockAddr failed on netmask
ChromeDriver was started successfully.
[1719505672.240][WARNING]: This version of ChromeDriver has not been tested with Chrome version 126.
Jun 27, 2024 9:27:52 AM org.openqa.selenium.remote.ProtocolHandshake createSession
INFO: Detected upstream dialect: W3C
Jun 27, 2024 9:27:52 AM org.openqa.selenium.devtools.CdpVersionFinder findNearestMatch
WARNING: Unable to find an exact match for CDP version 126, so returning the closest version found: a no-op implementation
Jun 27, 2024 9:27:52 AM org.openqa.selenium.devtools.CdpVersionFinder findNearestMatch
INFO: Unable to find CDP implementation matching 126.
Jun 27, 2024 9:27:52 AM org.openqa.selenium.chromium.ChromiumDriver lambda$new$3
WARNING: Unable to find version of CDP to use for . You may need to include a dependency on a specific version of the CDP using something similar to `org.seleniumhq.selenium:selenium-devtools-v86:4.5.0` where the version ("v86") matches the version of the chromium-based browser you're using and the version number of the artifact is the same as Selenium's.
Starting ChromeDriver 125.0.6422.141 (4b1e83937122185343ba92e909b021f307c719ca-refs/branch-heads/6422@{#1186}) on port 56301
Only local connections are allowed.
Please see https://chromedriver.chromium.org/security-considerations for suggestions on keeping ChromeDriver safe.
[1719505677.281][WARNING]: FromSockAddr failed on netmask
[1719505677.281][WARNING]: FromSockAddr failed on netmask
ChromeDriver was started successfully.
[1719505677.871][WARNING]: This version of ChromeDriver has not been tested with Chrome version 126.
Jun 27, 2024 9:27:57 AM org.openqa.selenium.remote.ProtocolHandshake createSession
INFO: Detected upstream dialect: W3C
Jun 27, 2024 9:27:57 AM org.openqa.selenium.devtools.CdpVersionFinder findNearestMatch
WARNING: Unable to find an exact match for CDP version 126, so returning the closest version found: a no-op implementation
Jun 27, 2024 9:27:57 AM org.openqa.selenium.devtools.CdpVersionFinder findNearestMatch
INFO: Unable to find CDP implementation matching 126.
Jun 27, 2024 9:27:57 AM org.openqa.selenium.chromium.ChromiumDriver lambda$new$3
WARNING: Unable to find version of CDP to use for . You may need to include a dependency on a specific version of the CDP using something similar to `org.seleniumhq.selenium:selenium-devtools-v86:4.5.0` where the version ("v86") matches the version of the chromium-based browser you're using and the version number of the artifact is the same as Selenium's.
[1719505705.048][WARNING]: This version of ChromeDriver has not been tested with Chrome version 126.
Jun 27, 2024 9:28:25 AM org.openqa.selenium.remote.ProtocolHandshake createSession
INFO: Detected upstream dialect: W3C
Jun 27, 2024 9:28:25 AM org.openqa.selenium.devtools.CdpVersionFinder findNearestMatch
WARNING: Unable to find an exact match for CDP version 126, so returning the closest version found: a no-op implementation
Jun 27, 2024 9:28:25 AM org.openqa.selenium.devtools.CdpVersionFinder findNearestMatch
INFO: Unable to find CDP implementation matching 126.
Jun 27, 2024 9:28:25 AM org.openqa.selenium.chromium.ChromiumDriver lambda$new$3
WARNING: Unable to find version of CDP to use for . You may need to include a dependency on a specific version of the CDP using something similar to `org.seleniumhq.selenium:selenium-devtools-v86:4.5.0` where the version ("v86") matches the version of the chromium-based browser you're using and the version number of the artifact is the same as Selenium's.
Starting ChromeDriver 125.0.6422.141 (4b1e83937122185343ba92e909b021f307c719ca-refs/branch-heads/6422@{#1186}) on port 54470
Only local connections are allowed.
Please see https://chromedriver.chromium.org/security-considerations for suggestions on keeping ChromeDriver safe.
[1719505705.320][WARNING]: FromSockAddr failed on netmask
[1719505705.320][WARNING]: FromSockAddr failed on netmask
ChromeDriver was started successfully.
[1719505705.895][WARNING]: This version of ChromeDriver has not been tested with Chrome version 126.
Jun 27, 2024 9:28:25 AM org.openqa.selenium.remote.ProtocolHandshake createSession
INFO: Detected upstream dialect: W3C
Jun 27, 2024 9:28:25 AM org.openqa.selenium.devtools.CdpVersionFinder findNearestMatch
WARNING: Unable to find an exact match for CDP version 126, so returning the closest version found: a no-op implementation
Jun 27, 2024 9:28:25 AM org.openqa.selenium.devtools.CdpVersionFinder findNearestMatch
INFO: Unable to find CDP implementation matching 126.
Jun 27, 2024 9:28:25 AM org.openqa.selenium.chromium.ChromiumDriver lambda$new$3
WARNING: Unable to find version of CDP to use for . You may need to include a dependency on a specific version of the CDP using something similar to `org.seleniumhq.selenium:selenium-devtools-v86:4.5.0` where the version ("v86") matches the version of the chromium-based browser you're using and the version number of the artifact is the same as Selenium's.
Starting ChromeDriver 125.0.6422.141 (4b1e83937122185343ba92e909b021f307c719ca-refs/branch-heads/6422@{#1186}) on port 50119
Only local connections are allowed.
Please see https://chromedriver.chromium.org/security-considerations for suggestions on keeping ChromeDriver safe.
[1719505923.404][WARNING]: FromSockAddr failed on netmask
[1719505923.404][WARNING]: FromSockAddr failed on netmask
ChromeDriver was started successfully.
[1719505924.081][WARNING]: This version of ChromeDriver has not been tested with Chrome version 126.
Jun 27, 2024 9:32:04 AM org.openqa.selenium.remote.ProtocolHandshake createSession
INFO: Detected upstream dialect: W3C
Jun 27, 2024 9:32:04 AM org.openqa.selenium.devtools.CdpVersionFinder findNearestMatch
WARNING: Unable to find an exact match for CDP version 126, so returning the closest version found: a no-op implementation
Jun 27, 2024 9:32:04 AM org.openqa.selenium.devtools.CdpVersionFinder findNearestMatch
INFO: Unable to find CDP implementation matching 126.
Jun 27, 2024 9:32:04 AM org.openqa.selenium.chromium.ChromiumDriver lambda$new$3
WARNING: Unable to find version of CDP to use for . You may need to include a dependency on a specific version of the CDP using something similar to `org.seleniumhq.selenium:selenium-devtools-v86:4.5.0` where the version ("v86") matches the version of the chromium-based browser you're using and the version number of the artifact is the same as Selenium's.
Starting ChromeDriver 125.0.6422.141 (4b1e83937122185343ba92e909b021f307c719ca-refs/branch-heads/6422@{#1186}) on port 62552
Only local connections are allowed.
Please see https://chromedriver.chromium.org/security-considerations for suggestions on keeping ChromeDriver safe.
[1719505950.820][WARNING]: FromSockAddr failed on netmask
[1719505950.820][WARNING]: FromSockAddr failed on netmask
ChromeDriver was started successfully.
[1719505951.372][WARNING]: This version of ChromeDriver has not been tested with Chrome version 126.
Jun 27, 2024 9:32:31 AM org.openqa.selenium.remote.ProtocolHandshake createSession
INFO: Detected upstream dialect: W3C
Jun 27, 2024 9:32:31 AM org.openqa.selenium.devtools.CdpVersionFinder findNearestMatch
WARNING: Unable to find an exact match for CDP version 126, so returning the closest version found: a no-op implementation
Jun 27, 2024 9:32:31 AM org.openqa.selenium.devtools.CdpVersionFinder findNearestMatch
INFO: Unable to find CDP implementation matching 126.
Jun 27, 2024 9:32:31 AM org.openqa.selenium.chromium.ChromiumDriver lambda$new$3
WARNING: Unable to find version of CDP to use for . You may need to include a dependency on a specific version of the CDP using something similar to `org.seleniumhq.selenium:selenium-devtools-v86:4.5.0` where the version ("v86") matches the version of the chromium-based browser you're using and the version number of the artifact is the same as Selenium's.
Starting ChromeDriver 125.0.6422.141 (4b1e83937122185343ba92e909b021f307c719ca-refs/branch-heads/6422@{#1186}) on port 58626
Only local connections are allowed.
Please see https://chromedriver.chromium.org/security-considerations for suggestions on keeping ChromeDriver safe.
[1719505967.670][WARNING]: FromSockAddr failed on netmask
[1719505967.670][WARNING]: FromSockAddr failed on netmask
ChromeDriver was started successfully.
[1719505968.242][WARNING]: This version of ChromeDriver has not been tested with Chrome version 126.
Jun 27, 2024 9:32:48 AM org.openqa.selenium.remote.ProtocolHandshake createSession
INFO: Detected upstream dialect: W3C
Jun 27, 2024 9:32:48 AM org.openqa.selenium.devtools.CdpVersionFinder findNearestMatch
WARNING: Unable to find an exact match for CDP version 126, so returning the closest version found: a no-op implementation
Jun 27, 2024 9:32:48 AM org.openqa.selenium.devtools.CdpVersionFinder findNearestMatch
INFO: Unable to find CDP implementation matching 126.
Jun 27, 2024 9:32:48 AM org.openqa.selenium.chromium.ChromiumDriver lambda$new$3
WARNING: Unable to find version of CDP to use for . You may need to include a dependency on a specific version of the CDP using something similar to `org.seleniumhq.selenium:selenium-devtools-v86:4.5.0` where the version ("v86") matches the version of the chromium-based browser you're using and the version number of the artifact is the same as Selenium's.
Starting ChromeDriver 125.0.6422.141 (4b1e83937122185343ba92e909b021f307c719ca-refs/branch-heads/6422@{#1186}) on port 58363
Only local connections are allowed.
Please see https://chromedriver.chromium.org/security-considerations for suggestions on keeping ChromeDriver safe.
[1719505980.259][WARNING]: FromSockAddr failed on netmask
[1719505980.259][WARNING]: FromSockAddr failed on netmask
ChromeDriver was started successfully.
[1719505980.837][WARNING]: This version of ChromeDriver has not been tested with Chrome version 126.
Jun 27, 2024 9:33:00 AM org.openqa.selenium.remote.ProtocolHandshake createSession
INFO: Detected upstream dialect: W3C
Jun 27, 2024 9:33:00 AM org.openqa.selenium.devtools.CdpVersionFinder findNearestMatch
WARNING: Unable to find an exact match for CDP version 126, so returning the closest version found: a no-op implementation
Jun 27, 2024 9:33:00 AM org.openqa.selenium.devtools.CdpVersionFinder findNearestMatch
INFO: Unable to find CDP implementation matching 126.
Jun 27, 2024 9:33:00 AM org.openqa.selenium.chromium.ChromiumDriver lambda$new$3
WARNING: Unable to find version of CDP to use for . You may need to include a dependency on a specific version of the CDP using something similar to `org.seleniumhq.selenium:selenium-devtools-v86:4.5.0` where the version ("v86") matches the version of the chromium-based browser you're using and the version number of the artifact is the same as Selenium's.
Starting ChromeDriver 125.0.6422.141 (4b1e83937122185343ba92e909b021f307c719ca-refs/branch-heads/6422@{#1186}) on port 63990
Only local connections are allowed.
Please see https://chromedriver.chromium.org/security-considerations for suggestions on keeping ChromeDriver safe.
[1719505998.895][WARNING]: FromSockAddr failed on netmask
[1719505998.895][WARNING]: FromSockAddr failed on netmask
ChromeDriver was started successfully.
[1719505999.462][WARNING]: This version of ChromeDriver has not been tested with Chrome version 126.
Jun 27, 2024 9:33:19 AM org.openqa.selenium.remote.ProtocolHandshake createSession
INFO: Detected upstream dialect: W3C
Jun 27, 2024 9:33:19 AM org.openqa.selenium.devtools.CdpVersionFinder findNearestMatch
WARNING: Unable to find an exact match for CDP version 126, so returning the closest version found: a no-op implementation
Jun 27, 2024 9:33:19 AM org.openqa.selenium.devtools.CdpVersionFinder findNearestMatch
INFO: Unable to find CDP implementation matching 126.
Jun 27, 2024 9:33:19 AM org.openqa.selenium.chromium.ChromiumDriver lambda$new$3
WARNING: Unable to find version of CDP to use for . You may need to include a dependency on a specific version of the CDP using something similar to `org.seleniumhq.selenium:selenium-devtools-v86:4.5.0` where the version ("v86") matches the version of the chromium-based browser you're using and the version number of the artifact is the same as Selenium's.
]]></system-err>
</testsuite>
